INFO - 2024-07-14 13:27:01 --> Session: Class initialized using 'CodeIgniter\Session\Handlers\FileHandler' driver.
INFO - 2024-07-14 13:27:02 --> Session: Class initialized using 'CodeIgniter\Session\Handlers\FileHandler' driver.
WARNING - 2024-07-14 13:27:02 --> [DEPRECATED] Optional parameter $pilih declared before required parameter $divisi is implicitly treated as a required parameter in APPPATH\Models\extra\DeklarModel.php on line 522.
 1 SYSTEMPATH\Autoloader\Autoloader.php(312): include_once('D:\\Shared\\simpro\\system\\Debug\\Exceptions.php')
 2 SYSTEMPATH\Autoloader\Autoloader.php(289): CodeIgniter\Autoloader\Autoloader->includeFile('D:\\Shared\\simpro\\app\\Models\\extra\\DeklarModel.php')
 3 SYSTEMPATH\Autoloader\Autoloader.php(267): CodeIgniter\Autoloader\Autoloader->loadInNamespace('App\\Models\\extra\\DeklarModel')
 4 APPPATH\Controllers\BaseController.php(79): CodeIgniter\Autoloader\Autoloader->loadClass('App\\Models\\extra\\DeklarModel')
 5 SYSTEMPATH\CodeIgniter.php(907): App\Controllers\BaseController->initController(Object(CodeIgniter\HTTP\IncomingRequest), Object(CodeIgniter\HTTP\Response), Object(CodeIgniter\Log\Logger))
 6 SYSTEMPATH\CodeIgniter.php(490): CodeIgniter\CodeIgniter->createController()
 7 SYSTEMPATH\CodeIgniter.php(368): CodeIgniter\CodeIgniter->handleRequest(null, Object(Config\Cache), false)
 8 FCPATH\index.php(67): CodeIgniter\CodeIgniter->run()
 9 SYSTEMPATH\Commands\Server\rewrite.php(47): require_once('D:\\Shared\\simpro\\public\\index.php')
WARNING - 2024-07-14 13:27:02 --> [DEPRECATED] Creation of dynamic property App\Controllers\Login::$roleModel is deprecated in APPPATH\Controllers\BaseController.php on line 82.
 1 SYSTEMPATH\CodeIgniter.php(907): App\Controllers\BaseController->initController(Object(CodeIgniter\HTTP\IncomingRequest), Object(CodeIgniter\HTTP\Response), Object(CodeIgniter\Log\Logger))
 2 SYSTEMPATH\CodeIgniter.php(490): CodeIgniter\CodeIgniter->createController()
 3 SYSTEMPATH\CodeIgniter.php(368): CodeIgniter\CodeIgniter->handleRequest(null, Object(Config\Cache), false)
 4 FCPATH\index.php(67): CodeIgniter\CodeIgniter->run()
 5 SYSTEMPATH\Commands\Server\rewrite.php(47): require_once('D:\\Shared\\simpro\\public\\index.php')
WARNING - 2024-07-14 13:27:02 --> [DEPRECATED] Creation of dynamic property App\Controllers\Login::$anu is deprecated in APPPATH\Controllers\BaseController.php on line 88.
 1 SYSTEMPATH\CodeIgniter.php(907): App\Controllers\BaseController->initController(Object(CodeIgniter\HTTP\IncomingRequest), Object(CodeIgniter\HTTP\Response), Object(CodeIgniter\Log\Logger))
 2 SYSTEMPATH\CodeIgniter.php(490): CodeIgniter\CodeIgniter->createController()
 3 SYSTEMPATH\CodeIgniter.php(368): CodeIgniter\CodeIgniter->handleRequest(null, Object(Config\Cache), false)
 4 FCPATH\index.php(67): CodeIgniter\CodeIgniter->run()
 5 SYSTEMPATH\Commands\Server\rewrite.php(47): require_once('D:\\Shared\\simpro\\public\\index.php')
INFO - 2024-07-14 13:27:16 --> Session: Class initialized using 'CodeIgniter\Session\Handlers\FileHandler' driver.
WARNING - 2024-07-14 13:27:16 --> [DEPRECATED] Optional parameter $pilih declared before required parameter $divisi is implicitly treated as a required parameter in APPPATH\Models\extra\DeklarModel.php on line 522.
 1 SYSTEMPATH\Autoloader\Autoloader.php(312): include_once('D:\\Shared\\simpro\\system\\Debug\\Exceptions.php')
 2 SYSTEMPATH\Autoloader\Autoloader.php(289): CodeIgniter\Autoloader\Autoloader->includeFile('D:\\Shared\\simpro\\app\\Models\\extra\\DeklarModel.php')
 3 SYSTEMPATH\Autoloader\Autoloader.php(267): CodeIgniter\Autoloader\Autoloader->loadInNamespace('App\\Models\\extra\\DeklarModel')
 4 APPPATH\Controllers\BaseController.php(79): CodeIgniter\Autoloader\Autoloader->loadClass('App\\Models\\extra\\DeklarModel')
 5 SYSTEMPATH\CodeIgniter.php(907): App\Controllers\BaseController->initController(Object(CodeIgniter\HTTP\IncomingRequest), Object(CodeIgniter\HTTP\Response), Object(CodeIgniter\Log\Logger))
 6 SYSTEMPATH\CodeIgniter.php(490): CodeIgniter\CodeIgniter->createController()
 7 SYSTEMPATH\CodeIgniter.php(368): CodeIgniter\CodeIgniter->handleRequest(null, Object(Config\Cache), false)
 8 FCPATH\index.php(67): CodeIgniter\CodeIgniter->run()
 9 SYSTEMPATH\Commands\Server\rewrite.php(47): require_once('D:\\Shared\\simpro\\public\\index.php')
WARNING - 2024-07-14 13:27:16 --> [DEPRECATED] Creation of dynamic property App\Controllers\Login::$roleModel is deprecated in APPPATH\Controllers\BaseController.php on line 82.
 1 SYSTEMPATH\CodeIgniter.php(907): App\Controllers\BaseController->initController(Object(CodeIgniter\HTTP\IncomingRequest), Object(CodeIgniter\HTTP\Response), Object(CodeIgniter\Log\Logger))
 2 SYSTEMPATH\CodeIgniter.php(490): CodeIgniter\CodeIgniter->createController()
 3 SYSTEMPATH\CodeIgniter.php(368): CodeIgniter\CodeIgniter->handleRequest(null, Object(Config\Cache), false)
 4 FCPATH\index.php(67): CodeIgniter\CodeIgniter->run()
 5 SYSTEMPATH\Commands\Server\rewrite.php(47): require_once('D:\\Shared\\simpro\\public\\index.php')
WARNING - 2024-07-14 13:27:16 --> [DEPRECATED] Creation of dynamic property App\Controllers\Login::$anu is deprecated in APPPATH\Controllers\BaseController.php on line 88.
 1 SYSTEMPATH\CodeIgniter.php(907): App\Controllers\BaseController->initController(Object(CodeIgniter\HTTP\IncomingRequest), Object(CodeIgniter\HTTP\Response), Object(CodeIgniter\Log\Logger))
 2 SYSTEMPATH\CodeIgniter.php(490): CodeIgniter\CodeIgniter->createController()
 3 SYSTEMPATH\CodeIgniter.php(368): CodeIgniter\CodeIgniter->handleRequest(null, Object(Config\Cache), false)
 4 FCPATH\index.php(67): CodeIgniter\CodeIgniter->run()
 5 SYSTEMPATH\Commands\Server\rewrite.php(47): require_once('D:\\Shared\\simpro\\public\\index.php')
INFO - 2024-07-14 13:27:17 --> Session: Class initialized using 'CodeIgniter\Session\Handlers\FileHandler' driver.
WARNING - 2024-07-14 13:27:17 --> [DEPRECATED] Optional parameter $pilih declared before required parameter $divisi is implicitly treated as a required parameter in APPPATH\Models\extra\DeklarModel.php on line 522.
 1 SYSTEMPATH\Autoloader\Autoloader.php(312): include_once('D:\\Shared\\simpro\\system\\Debug\\Exceptions.php')
 2 SYSTEMPATH\Autoloader\Autoloader.php(289): CodeIgniter\Autoloader\Autoloader->includeFile('D:\\Shared\\simpro\\app\\Models\\extra\\DeklarModel.php')
 3 SYSTEMPATH\Autoloader\Autoloader.php(267): CodeIgniter\Autoloader\Autoloader->loadInNamespace('App\\Models\\extra\\DeklarModel')
 4 APPPATH\Controllers\BaseController.php(79): CodeIgniter\Autoloader\Autoloader->loadClass('App\\Models\\extra\\DeklarModel')
 5 SYSTEMPATH\CodeIgniter.php(907): App\Controllers\BaseController->initController(Object(CodeIgniter\HTTP\IncomingRequest), Object(CodeIgniter\HTTP\Response), Object(CodeIgniter\Log\Logger))
 6 SYSTEMPATH\CodeIgniter.php(490): CodeIgniter\CodeIgniter->createController()
 7 SYSTEMPATH\CodeIgniter.php(368): CodeIgniter\CodeIgniter->handleRequest(null, Object(Config\Cache), false)
 8 FCPATH\index.php(67): CodeIgniter\CodeIgniter->run()
 9 SYSTEMPATH\Commands\Server\rewrite.php(47): require_once('D:\\Shared\\simpro\\public\\index.php')
WARNING - 2024-07-14 13:27:17 --> [DEPRECATED] Creation of dynamic property App\Controllers\Home::$roleModel is deprecated in APPPATH\Controllers\BaseController.php on line 82.
 1 SYSTEMPATH\CodeIgniter.php(907): App\Controllers\BaseController->initController(Object(CodeIgniter\HTTP\IncomingRequest), Object(CodeIgniter\HTTP\Response), Object(CodeIgniter\Log\Logger))
 2 SYSTEMPATH\CodeIgniter.php(490): CodeIgniter\CodeIgniter->createController()
 3 SYSTEMPATH\CodeIgniter.php(368): CodeIgniter\CodeIgniter->handleRequest(null, Object(Config\Cache), false)
 4 FCPATH\index.php(67): CodeIgniter\CodeIgniter->run()
 5 SYSTEMPATH\Commands\Server\rewrite.php(47): require_once('D:\\Shared\\simpro\\public\\index.php')
WARNING - 2024-07-14 13:27:17 --> [DEPRECATED] Creation of dynamic property App\Controllers\Home::$anu is deprecated in APPPATH\Controllers\BaseController.php on line 88.
 1 SYSTEMPATH\CodeIgniter.php(907): App\Controllers\BaseController->initController(Object(CodeIgniter\HTTP\IncomingRequest), Object(CodeIgniter\HTTP\Response), Object(CodeIgniter\Log\Logger))
 2 SYSTEMPATH\CodeIgniter.php(490): CodeIgniter\CodeIgniter->createController()
 3 SYSTEMPATH\CodeIgniter.php(368): CodeIgniter\CodeIgniter->handleRequest(null, Object(Config\Cache), false)
 4 FCPATH\index.php(67): CodeIgniter\CodeIgniter->run()
 5 SYSTEMPATH\Commands\Server\rewrite.php(47): require_once('D:\\Shared\\simpro\\public\\index.php')
INFO - 2024-07-14 13:27:27 --> Session: Class initialized using 'CodeIgniter\Session\Handlers\FileHandler' driver.
WARNING - 2024-07-14 13:27:27 --> [DEPRECATED] Optional parameter $pilih declared before required parameter $divisi is implicitly treated as a required parameter in APPPATH\Models\extra\DeklarModel.php on line 522.
 1 SYSTEMPATH\Autoloader\Autoloader.php(312): include_once('D:\\Shared\\simpro\\system\\Debug\\Exceptions.php')
 2 SYSTEMPATH\Autoloader\Autoloader.php(289): CodeIgniter\Autoloader\Autoloader->includeFile('D:\\Shared\\simpro\\app\\Models\\extra\\DeklarModel.php')
 3 SYSTEMPATH\Autoloader\Autoloader.php(267): CodeIgniter\Autoloader\Autoloader->loadInNamespace('App\\Models\\extra\\DeklarModel')
 4 APPPATH\Controllers\BaseController.php(79): CodeIgniter\Autoloader\Autoloader->loadClass('App\\Models\\extra\\DeklarModel')
 5 SYSTEMPATH\CodeIgniter.php(907): App\Controllers\BaseController->initController(Object(CodeIgniter\HTTP\IncomingRequest), Object(CodeIgniter\HTTP\Response), Object(CodeIgniter\Log\Logger))
 6 SYSTEMPATH\CodeIgniter.php(490): CodeIgniter\CodeIgniter->createController()
 7 SYSTEMPATH\CodeIgniter.php(368): CodeIgniter\CodeIgniter->handleRequest(null, Object(Config\Cache), false)
 8 FCPATH\index.php(67): CodeIgniter\CodeIgniter->run()
 9 SYSTEMPATH\Commands\Server\rewrite.php(47): require_once('D:\\Shared\\simpro\\public\\index.php')
WARNING - 2024-07-14 13:27:27 --> [DEPRECATED] Creation of dynamic property App\Controllers\trkas\pengeluaran\Keuangan::$roleModel is deprecated in APPPATH\Controllers\BaseController.php on line 82.
 1 SYSTEMPATH\CodeIgniter.php(907): App\Controllers\BaseController->initController(Object(CodeIgniter\HTTP\IncomingRequest), Object(CodeIgniter\HTTP\Response), Object(CodeIgniter\Log\Logger))
 2 SYSTEMPATH\CodeIgniter.php(490): CodeIgniter\CodeIgniter->createController()
 3 SYSTEMPATH\CodeIgniter.php(368): CodeIgniter\CodeIgniter->handleRequest(null, Object(Config\Cache), false)
 4 FCPATH\index.php(67): CodeIgniter\CodeIgniter->run()
 5 SYSTEMPATH\Commands\Server\rewrite.php(47): require_once('D:\\Shared\\simpro\\public\\index.php')
WARNING - 2024-07-14 13:27:27 --> [DEPRECATED] Creation of dynamic property App\Controllers\trkas\pengeluaran\Keuangan::$anu is deprecated in APPPATH\Controllers\BaseController.php on line 88.
 1 SYSTEMPATH\CodeIgniter.php(907): App\Controllers\BaseController->initController(Object(CodeIgniter\HTTP\IncomingRequest), Object(CodeIgniter\HTTP\Response), Object(CodeIgniter\Log\Logger))
 2 SYSTEMPATH\CodeIgniter.php(490): CodeIgniter\CodeIgniter->createController()
 3 SYSTEMPATH\CodeIgniter.php(368): CodeIgniter\CodeIgniter->handleRequest(null, Object(Config\Cache), false)
 4 FCPATH\index.php(67): CodeIgniter\CodeIgniter->run()
 5 SYSTEMPATH\Commands\Server\rewrite.php(47): require_once('D:\\Shared\\simpro\\public\\index.php')
INFO - 2024-07-14 13:27:29 --> Session: Class initialized using 'CodeIgniter\Session\Handlers\FileHandler' driver.
WARNING - 2024-07-14 13:27:29 --> [DEPRECATED] Optional parameter $pilih declared before required parameter $divisi is implicitly treated as a required parameter in APPPATH\Models\extra\DeklarModel.php on line 522.
 1 SYSTEMPATH\Autoloader\Autoloader.php(312): include_once('D:\\Shared\\simpro\\system\\Debug\\Exceptions.php')
 2 SYSTEMPATH\Autoloader\Autoloader.php(289): CodeIgniter\Autoloader\Autoloader->includeFile('D:\\Shared\\simpro\\app\\Models\\extra\\DeklarModel.php')
 3 SYSTEMPATH\Autoloader\Autoloader.php(267): CodeIgniter\Autoloader\Autoloader->loadInNamespace('App\\Models\\extra\\DeklarModel')
 4 APPPATH\Controllers\BaseController.php(79): CodeIgniter\Autoloader\Autoloader->loadClass('App\\Models\\extra\\DeklarModel')
 5 SYSTEMPATH\CodeIgniter.php(907): App\Controllers\BaseController->initController(Object(CodeIgniter\HTTP\IncomingRequest), Object(CodeIgniter\HTTP\Response), Object(CodeIgniter\Log\Logger))
 6 SYSTEMPATH\CodeIgniter.php(490): CodeIgniter\CodeIgniter->createController()
 7 SYSTEMPATH\CodeIgniter.php(368): CodeIgniter\CodeIgniter->handleRequest(null, Object(Config\Cache), false)
 8 FCPATH\index.php(67): CodeIgniter\CodeIgniter->run()
 9 SYSTEMPATH\Commands\Server\rewrite.php(47): require_once('D:\\Shared\\simpro\\public\\index.php')
WARNING - 2024-07-14 13:27:29 --> [DEPRECATED] Creation of dynamic property App\Controllers\extra\Loadtran::$roleModel is deprecated in APPPATH\Controllers\BaseController.php on line 82.
 1 SYSTEMPATH\CodeIgniter.php(907): App\Controllers\BaseController->initController(Object(CodeIgniter\HTTP\IncomingRequest), Object(CodeIgniter\HTTP\Response), Object(CodeIgniter\Log\Logger))
 2 SYSTEMPATH\CodeIgniter.php(490): CodeIgniter\CodeIgniter->createController()
 3 SYSTEMPATH\CodeIgniter.php(368): CodeIgniter\CodeIgniter->handleRequest(null, Object(Config\Cache), false)
 4 FCPATH\index.php(67): CodeIgniter\CodeIgniter->run()
 5 SYSTEMPATH\Commands\Server\rewrite.php(47): require_once('D:\\Shared\\simpro\\public\\index.php')
WARNING - 2024-07-14 13:27:29 --> [DEPRECATED] Creation of dynamic property App\Controllers\extra\Loadtran::$anu is deprecated in APPPATH\Controllers\BaseController.php on line 88.
 1 SYSTEMPATH\CodeIgniter.php(907): App\Controllers\BaseController->initController(Object(CodeIgniter\HTTP\IncomingRequest), Object(CodeIgniter\HTTP\Response), Object(CodeIgniter\Log\Logger))
 2 SYSTEMPATH\CodeIgniter.php(490): CodeIgniter\CodeIgniter->createController()
 3 SYSTEMPATH\CodeIgniter.php(368): CodeIgniter\CodeIgniter->handleRequest(null, Object(Config\Cache), false)
 4 FCPATH\index.php(67): CodeIgniter\CodeIgniter->run()
 5 SYSTEMPATH\Commands\Server\rewrite.php(47): require_once('D:\\Shared\\simpro\\public\\index.php')
INFO - 2024-07-14 13:27:35 --> Session: Class initialized using 'CodeIgniter\Session\Handlers\FileHandler' driver.
WARNING - 2024-07-14 13:27:35 --> [DEPRECATED] Optional parameter $pilih declared before required parameter $divisi is implicitly treated as a required parameter in APPPATH\Models\extra\DeklarModel.php on line 522.
 1 SYSTEMPATH\Autoloader\Autoloader.php(312): include_once('D:\\Shared\\simpro\\system\\Debug\\Exceptions.php')
 2 SYSTEMPATH\Autoloader\Autoloader.php(289): CodeIgniter\Autoloader\Autoloader->includeFile('D:\\Shared\\simpro\\app\\Models\\extra\\DeklarModel.php')
 3 SYSTEMPATH\Autoloader\Autoloader.php(267): CodeIgniter\Autoloader\Autoloader->loadInNamespace('App\\Models\\extra\\DeklarModel')
 4 APPPATH\Controllers\BaseController.php(79): CodeIgniter\Autoloader\Autoloader->loadClass('App\\Models\\extra\\DeklarModel')
 5 SYSTEMPATH\CodeIgniter.php(907): App\Controllers\BaseController->initController(Object(CodeIgniter\HTTP\IncomingRequest), Object(CodeIgniter\HTTP\Response), Object(CodeIgniter\Log\Logger))
 6 SYSTEMPATH\CodeIgniter.php(490): CodeIgniter\CodeIgniter->createController()
 7 SYSTEMPATH\CodeIgniter.php(368): CodeIgniter\CodeIgniter->handleRequest(null, Object(Config\Cache), false)
 8 FCPATH\index.php(67): CodeIgniter\CodeIgniter->run()
 9 SYSTEMPATH\Commands\Server\rewrite.php(47): require_once('D:\\Shared\\simpro\\public\\index.php')
WARNING - 2024-07-14 13:27:35 --> [DEPRECATED] Creation of dynamic property App\Controllers\extra\Loadtran::$roleModel is deprecated in APPPATH\Controllers\BaseController.php on line 82.
 1 SYSTEMPATH\CodeIgniter.php(907): App\Controllers\BaseController->initController(Object(CodeIgniter\HTTP\IncomingRequest), Object(CodeIgniter\HTTP\Response), Object(CodeIgniter\Log\Logger))
 2 SYSTEMPATH\CodeIgniter.php(490): CodeIgniter\CodeIgniter->createController()
 3 SYSTEMPATH\CodeIgniter.php(368): CodeIgniter\CodeIgniter->handleRequest(null, Object(Config\Cache), false)
 4 FCPATH\index.php(67): CodeIgniter\CodeIgniter->run()
 5 SYSTEMPATH\Commands\Server\rewrite.php(47): require_once('D:\\Shared\\simpro\\public\\index.php')
WARNING - 2024-07-14 13:27:35 --> [DEPRECATED] Creation of dynamic property App\Controllers\extra\Loadtran::$anu is deprecated in APPPATH\Controllers\BaseController.php on line 88.
 1 SYSTEMPATH\CodeIgniter.php(907): App\Controllers\BaseController->initController(Object(CodeIgniter\HTTP\IncomingRequest), Object(CodeIgniter\HTTP\Response), Object(CodeIgniter\Log\Logger))
 2 SYSTEMPATH\CodeIgniter.php(490): CodeIgniter\CodeIgniter->createController()
 3 SYSTEMPATH\CodeIgniter.php(368): CodeIgniter\CodeIgniter->handleRequest(null, Object(Config\Cache), false)
 4 FCPATH\index.php(67): CodeIgniter\CodeIgniter->run()
 5 SYSTEMPATH\Commands\Server\rewrite.php(47): require_once('D:\\Shared\\simpro\\public\\index.php')
INFO - 2024-07-14 13:27:37 --> Session: Class initialized using 'CodeIgniter\Session\Handlers\FileHandler' driver.
WARNING - 2024-07-14 13:27:37 --> [DEPRECATED] Optional parameter $pilih declared before required parameter $divisi is implicitly treated as a required parameter in APPPATH\Models\extra\DeklarModel.php on line 522.
 1 SYSTEMPATH\Autoloader\Autoloader.php(312): include_once('D:\\Shared\\simpro\\system\\Debug\\Exceptions.php')
 2 SYSTEMPATH\Autoloader\Autoloader.php(289): CodeIgniter\Autoloader\Autoloader->includeFile('D:\\Shared\\simpro\\app\\Models\\extra\\DeklarModel.php')
 3 SYSTEMPATH\Autoloader\Autoloader.php(267): CodeIgniter\Autoloader\Autoloader->loadInNamespace('App\\Models\\extra\\DeklarModel')
 4 APPPATH\Controllers\BaseController.php(79): CodeIgniter\Autoloader\Autoloader->loadClass('App\\Models\\extra\\DeklarModel')
 5 SYSTEMPATH\CodeIgniter.php(907): App\Controllers\BaseController->initController(Object(CodeIgniter\HTTP\IncomingRequest), Object(CodeIgniter\HTTP\Response), Object(CodeIgniter\Log\Logger))
 6 SYSTEMPATH\CodeIgniter.php(490): CodeIgniter\CodeIgniter->createController()
 7 SYSTEMPATH\CodeIgniter.php(368): CodeIgniter\CodeIgniter->handleRequest(null, Object(Config\Cache), false)
 8 FCPATH\index.php(67): CodeIgniter\CodeIgniter->run()
 9 SYSTEMPATH\Commands\Server\rewrite.php(47): require_once('D:\\Shared\\simpro\\public\\index.php')
WARNING - 2024-07-14 13:27:37 --> [DEPRECATED] Creation of dynamic property App\Controllers\trkas\pengeluaran\Keuangan::$roleModel is deprecated in APPPATH\Controllers\BaseController.php on line 82.
 1 SYSTEMPATH\CodeIgniter.php(907): App\Controllers\BaseController->initController(Object(CodeIgniter\HTTP\IncomingRequest), Object(CodeIgniter\HTTP\Response), Object(CodeIgniter\Log\Logger))
 2 SYSTEMPATH\CodeIgniter.php(490): CodeIgniter\CodeIgniter->createController()
 3 SYSTEMPATH\CodeIgniter.php(368): CodeIgniter\CodeIgniter->handleRequest(null, Object(Config\Cache), false)
 4 FCPATH\index.php(67): CodeIgniter\CodeIgniter->run()
 5 SYSTEMPATH\Commands\Server\rewrite.php(47): require_once('D:\\Shared\\simpro\\public\\index.php')
WARNING - 2024-07-14 13:27:37 --> [DEPRECATED] Creation of dynamic property App\Controllers\trkas\pengeluaran\Keuangan::$anu is deprecated in APPPATH\Controllers\BaseController.php on line 88.
 1 SYSTEMPATH\CodeIgniter.php(907): App\Controllers\BaseController->initController(Object(CodeIgniter\HTTP\IncomingRequest), Object(CodeIgniter\HTTP\Response), Object(CodeIgniter\Log\Logger))
 2 SYSTEMPATH\CodeIgniter.php(490): CodeIgniter\CodeIgniter->createController()
 3 SYSTEMPATH\CodeIgniter.php(368): CodeIgniter\CodeIgniter->handleRequest(null, Object(Config\Cache), false)
 4 FCPATH\index.php(67): CodeIgniter\CodeIgniter->run()
 5 SYSTEMPATH\Commands\Server\rewrite.php(47): require_once('D:\\Shared\\simpro\\public\\index.php')
INFO - 2024-07-14 13:27:39 --> Session: Class initialized using 'CodeIgniter\Session\Handlers\FileHandler' driver.
WARNING - 2024-07-14 13:27:39 --> [DEPRECATED] Optional parameter $pilih declared before required parameter $divisi is implicitly treated as a required parameter in APPPATH\Models\extra\DeklarModel.php on line 522.
 1 SYSTEMPATH\Autoloader\Autoloader.php(312): include_once('D:\\Shared\\simpro\\system\\Debug\\Exceptions.php')
 2 SYSTEMPATH\Autoloader\Autoloader.php(289): CodeIgniter\Autoloader\Autoloader->includeFile('D:\\Shared\\simpro\\app\\Models\\extra\\DeklarModel.php')
 3 SYSTEMPATH\Autoloader\Autoloader.php(267): CodeIgniter\Autoloader\Autoloader->loadInNamespace('App\\Models\\extra\\DeklarModel')
 4 APPPATH\Controllers\BaseController.php(79): CodeIgniter\Autoloader\Autoloader->loadClass('App\\Models\\extra\\DeklarModel')
 5 SYSTEMPATH\CodeIgniter.php(907): App\Controllers\BaseController->initController(Object(CodeIgniter\HTTP\IncomingRequest), Object(CodeIgniter\HTTP\Response), Object(CodeIgniter\Log\Logger))
 6 SYSTEMPATH\CodeIgniter.php(490): CodeIgniter\CodeIgniter->createController()
 7 SYSTEMPATH\CodeIgniter.php(368): CodeIgniter\CodeIgniter->handleRequest(null, Object(Config\Cache), false)
 8 FCPATH\index.php(67): CodeIgniter\CodeIgniter->run()
 9 SYSTEMPATH\Commands\Server\rewrite.php(47): require_once('D:\\Shared\\simpro\\public\\index.php')
WARNING - 2024-07-14 13:27:39 --> [DEPRECATED] Creation of dynamic property App\Controllers\extra\Loadtran::$roleModel is deprecated in APPPATH\Controllers\BaseController.php on line 82.
 1 SYSTEMPATH\CodeIgniter.php(907): App\Controllers\BaseController->initController(Object(CodeIgniter\HTTP\IncomingRequest), Object(CodeIgniter\HTTP\Response), Object(CodeIgniter\Log\Logger))
 2 SYSTEMPATH\CodeIgniter.php(490): CodeIgniter\CodeIgniter->createController()
 3 SYSTEMPATH\CodeIgniter.php(368): CodeIgniter\CodeIgniter->handleRequest(null, Object(Config\Cache), false)
 4 FCPATH\index.php(67): CodeIgniter\CodeIgniter->run()
 5 SYSTEMPATH\Commands\Server\rewrite.php(47): require_once('D:\\Shared\\simpro\\public\\index.php')
WARNING - 2024-07-14 13:27:39 --> [DEPRECATED] Creation of dynamic property App\Controllers\extra\Loadtran::$anu is deprecated in APPPATH\Controllers\BaseController.php on line 88.
 1 SYSTEMPATH\CodeIgniter.php(907): App\Controllers\BaseController->initController(Object(CodeIgniter\HTTP\IncomingRequest), Object(CodeIgniter\HTTP\Response), Object(CodeIgniter\Log\Logger))
 2 SYSTEMPATH\CodeIgniter.php(490): CodeIgniter\CodeIgniter->createController()
 3 SYSTEMPATH\CodeIgniter.php(368): CodeIgniter\CodeIgniter->handleRequest(null, Object(Config\Cache), false)
 4 FCPATH\index.php(67): CodeIgniter\CodeIgniter->run()
 5 SYSTEMPATH\Commands\Server\rewrite.php(47): require_once('D:\\Shared\\simpro\\public\\index.php')
INFO - 2024-07-14 16:01:35 --> Session: Class initialized using 'CodeIgniter\Session\Handlers\FileHandler' driver.
INFO - 2024-07-14 16:01:35 --> Session: Class initialized using 'CodeIgniter\Session\Handlers\FileHandler' driver.
WARNING - 2024-07-14 16:01:35 --> [DEPRECATED] Optional parameter $pilih declared before required parameter $divisi is implicitly treated as a required parameter in APPPATH\Models\extra\DeklarModel.php on line 522.
 1 SYSTEMPATH\Autoloader\Autoloader.php(312): include_once('D:\\Shared\\simpro\\system\\Debug\\Exceptions.php')
 2 SYSTEMPATH\Autoloader\Autoloader.php(289): CodeIgniter\Autoloader\Autoloader->includeFile('D:\\Shared\\simpro\\app\\Models\\extra\\DeklarModel.php')
 3 SYSTEMPATH\Autoloader\Autoloader.php(267): CodeIgniter\Autoloader\Autoloader->loadInNamespace('App\\Models\\extra\\DeklarModel')
 4 APPPATH\Controllers\BaseController.php(79): CodeIgniter\Autoloader\Autoloader->loadClass('App\\Models\\extra\\DeklarModel')
 5 SYSTEMPATH\CodeIgniter.php(907): App\Controllers\BaseController->initController(Object(CodeIgniter\HTTP\IncomingRequest), Object(CodeIgniter\HTTP\Response), Object(CodeIgniter\Log\Logger))
 6 SYSTEMPATH\CodeIgniter.php(490): CodeIgniter\CodeIgniter->createController()
 7 SYSTEMPATH\CodeIgniter.php(368): CodeIgniter\CodeIgniter->handleRequest(null, Object(Config\Cache), false)
 8 FCPATH\index.php(67): CodeIgniter\CodeIgniter->run()
 9 SYSTEMPATH\Commands\Server\rewrite.php(47): require_once('D:\\Shared\\simpro\\public\\index.php')
WARNING - 2024-07-14 16:01:35 --> [DEPRECATED] Creation of dynamic property App\Controllers\Login::$roleModel is deprecated in APPPATH\Controllers\BaseController.php on line 82.
 1 SYSTEMPATH\CodeIgniter.php(907): App\Controllers\BaseController->initController(Object(CodeIgniter\HTTP\IncomingRequest), Object(CodeIgniter\HTTP\Response), Object(CodeIgniter\Log\Logger))
 2 SYSTEMPATH\CodeIgniter.php(490): CodeIgniter\CodeIgniter->createController()
 3 SYSTEMPATH\CodeIgniter.php(368): CodeIgniter\CodeIgniter->handleRequest(null, Object(Config\Cache), false)
 4 FCPATH\index.php(67): CodeIgniter\CodeIgniter->run()
 5 SYSTEMPATH\Commands\Server\rewrite.php(47): require_once('D:\\Shared\\simpro\\public\\index.php')
WARNING - 2024-07-14 16:01:35 --> [DEPRECATED] Creation of dynamic property App\Controllers\Login::$anu is deprecated in APPPATH\Controllers\BaseController.php on line 88.
 1 SYSTEMPATH\CodeIgniter.php(907): App\Controllers\BaseController->initController(Object(CodeIgniter\HTTP\IncomingRequest), Object(CodeIgniter\HTTP\Response), Object(CodeIgniter\Log\Logger))
 2 SYSTEMPATH\CodeIgniter.php(490): CodeIgniter\CodeIgniter->createController()
 3 SYSTEMPATH\CodeIgniter.php(368): CodeIgniter\CodeIgniter->handleRequest(null, Object(Config\Cache), false)
 4 FCPATH\index.php(67): CodeIgniter\CodeIgniter->run()
 5 SYSTEMPATH\Commands\Server\rewrite.php(47): require_once('D:\\Shared\\simpro\\public\\index.php')
INFO - 2024-07-14 16:02:02 --> Session: Class initialized using 'CodeIgniter\Session\Handlers\FileHandler' driver.
WARNING - 2024-07-14 16:02:02 --> [DEPRECATED] Optional parameter $pilih declared before required parameter $divisi is implicitly treated as a required parameter in APPPATH\Models\extra\DeklarModel.php on line 522.
 1 SYSTEMPATH\Autoloader\Autoloader.php(312): include_once('D:\\Shared\\simpro\\system\\Debug\\Exceptions.php')
 2 SYSTEMPATH\Autoloader\Autoloader.php(289): CodeIgniter\Autoloader\Autoloader->includeFile('D:\\Shared\\simpro\\app\\Models\\extra\\DeklarModel.php')
 3 SYSTEMPATH\Autoloader\Autoloader.php(267): CodeIgniter\Autoloader\Autoloader->loadInNamespace('App\\Models\\extra\\DeklarModel')
 4 APPPATH\Controllers\BaseController.php(79): CodeIgniter\Autoloader\Autoloader->loadClass('App\\Models\\extra\\DeklarModel')
 5 SYSTEMPATH\CodeIgniter.php(907): App\Controllers\BaseController->initController(Object(CodeIgniter\HTTP\IncomingRequest), Object(CodeIgniter\HTTP\Response), Object(CodeIgniter\Log\Logger))
 6 SYSTEMPATH\CodeIgniter.php(490): CodeIgniter\CodeIgniter->createController()
 7 SYSTEMPATH\CodeIgniter.php(368): CodeIgniter\CodeIgniter->handleRequest(null, Object(Config\Cache), false)
 8 FCPATH\index.php(67): CodeIgniter\CodeIgniter->run()
 9 SYSTEMPATH\Commands\Server\rewrite.php(47): require_once('D:\\Shared\\simpro\\public\\index.php')
WARNING - 2024-07-14 16:02:02 --> [DEPRECATED] Creation of dynamic property App\Controllers\Login::$roleModel is deprecated in APPPATH\Controllers\BaseController.php on line 82.
 1 SYSTEMPATH\CodeIgniter.php(907): App\Controllers\BaseController->initController(Object(CodeIgniter\HTTP\IncomingRequest), Object(CodeIgniter\HTTP\Response), Object(CodeIgniter\Log\Logger))
 2 SYSTEMPATH\CodeIgniter.php(490): CodeIgniter\CodeIgniter->createController()
 3 SYSTEMPATH\CodeIgniter.php(368): CodeIgniter\CodeIgniter->handleRequest(null, Object(Config\Cache), false)
 4 FCPATH\index.php(67): CodeIgniter\CodeIgniter->run()
 5 SYSTEMPATH\Commands\Server\rewrite.php(47): require_once('D:\\Shared\\simpro\\public\\index.php')
WARNING - 2024-07-14 16:02:02 --> [DEPRECATED] Creation of dynamic property App\Controllers\Login::$anu is deprecated in APPPATH\Controllers\BaseController.php on line 88.
 1 SYSTEMPATH\CodeIgniter.php(907): App\Controllers\BaseController->initController(Object(CodeIgniter\HTTP\IncomingRequest), Object(CodeIgniter\HTTP\Response), Object(CodeIgniter\Log\Logger))
 2 SYSTEMPATH\CodeIgniter.php(490): CodeIgniter\CodeIgniter->createController()
 3 SYSTEMPATH\CodeIgniter.php(368): CodeIgniter\CodeIgniter->handleRequest(null, Object(Config\Cache), false)
 4 FCPATH\index.php(67): CodeIgniter\CodeIgniter->run()
 5 SYSTEMPATH\Commands\Server\rewrite.php(47): require_once('D:\\Shared\\simpro\\public\\index.php')
INFO - 2024-07-14 16:02:03 --> Session: Class initialized using 'CodeIgniter\Session\Handlers\FileHandler' driver.
WARNING - 2024-07-14 16:02:03 --> [DEPRECATED] Optional parameter $pilih declared before required parameter $divisi is implicitly treated as a required parameter in APPPATH\Models\extra\DeklarModel.php on line 522.
 1 SYSTEMPATH\Autoloader\Autoloader.php(312): include_once('D:\\Shared\\simpro\\system\\Debug\\Exceptions.php')
 2 SYSTEMPATH\Autoloader\Autoloader.php(289): CodeIgniter\Autoloader\Autoloader->includeFile('D:\\Shared\\simpro\\app\\Models\\extra\\DeklarModel.php')
 3 SYSTEMPATH\Autoloader\Autoloader.php(267): CodeIgniter\Autoloader\Autoloader->loadInNamespace('App\\Models\\extra\\DeklarModel')
 4 APPPATH\Controllers\BaseController.php(79): CodeIgniter\Autoloader\Autoloader->loadClass('App\\Models\\extra\\DeklarModel')
 5 SYSTEMPATH\CodeIgniter.php(907): App\Controllers\BaseController->initController(Object(CodeIgniter\HTTP\IncomingRequest), Object(CodeIgniter\HTTP\Response), Object(CodeIgniter\Log\Logger))
 6 SYSTEMPATH\CodeIgniter.php(490): CodeIgniter\CodeIgniter->createController()
 7 SYSTEMPATH\CodeIgniter.php(368): CodeIgniter\CodeIgniter->handleRequest(null, Object(Config\Cache), false)
 8 FCPATH\index.php(67): CodeIgniter\CodeIgniter->run()
 9 SYSTEMPATH\Commands\Server\rewrite.php(47): require_once('D:\\Shared\\simpro\\public\\index.php')
WARNING - 2024-07-14 16:02:03 --> [DEPRECATED] Creation of dynamic property App\Controllers\Home::$roleModel is deprecated in APPPATH\Controllers\BaseController.php on line 82.
 1 SYSTEMPATH\CodeIgniter.php(907): App\Controllers\BaseController->initController(Object(CodeIgniter\HTTP\IncomingRequest), Object(CodeIgniter\HTTP\Response), Object(CodeIgniter\Log\Logger))
 2 SYSTEMPATH\CodeIgniter.php(490): CodeIgniter\CodeIgniter->createController()
 3 SYSTEMPATH\CodeIgniter.php(368): CodeIgniter\CodeIgniter->handleRequest(null, Object(Config\Cache), false)
 4 FCPATH\index.php(67): CodeIgniter\CodeIgniter->run()
 5 SYSTEMPATH\Commands\Server\rewrite.php(47): require_once('D:\\Shared\\simpro\\public\\index.php')
WARNING - 2024-07-14 16:02:03 --> [DEPRECATED] Creation of dynamic property App\Controllers\Home::$anu is deprecated in APPPATH\Controllers\BaseController.php on line 88.
 1 SYSTEMPATH\CodeIgniter.php(907): App\Controllers\BaseController->initController(Object(CodeIgniter\HTTP\IncomingRequest), Object(CodeIgniter\HTTP\Response), Object(CodeIgniter\Log\Logger))
 2 SYSTEMPATH\CodeIgniter.php(490): CodeIgniter\CodeIgniter->createController()
 3 SYSTEMPATH\CodeIgniter.php(368): CodeIgniter\CodeIgniter->handleRequest(null, Object(Config\Cache), false)
 4 FCPATH\index.php(67): CodeIgniter\CodeIgniter->run()
 5 SYSTEMPATH\Commands\Server\rewrite.php(47): require_once('D:\\Shared\\simpro\\public\\index.php')
INFO - 2024-07-14 16:02:22 --> Session: Class initialized using 'CodeIgniter\Session\Handlers\FileHandler' driver.
WARNING - 2024-07-14 16:02:22 --> [DEPRECATED] Optional parameter $pilih declared before required parameter $divisi is implicitly treated as a required parameter in APPPATH\Models\extra\DeklarModel.php on line 522.
 1 SYSTEMPATH\Autoloader\Autoloader.php(312): include_once('D:\\Shared\\simpro\\system\\Debug\\Exceptions.php')
 2 SYSTEMPATH\Autoloader\Autoloader.php(289): CodeIgniter\Autoloader\Autoloader->includeFile('D:\\Shared\\simpro\\app\\Models\\extra\\DeklarModel.php')
 3 SYSTEMPATH\Autoloader\Autoloader.php(267): CodeIgniter\Autoloader\Autoloader->loadInNamespace('App\\Models\\extra\\DeklarModel')
 4 APPPATH\Controllers\BaseController.php(79): CodeIgniter\Autoloader\Autoloader->loadClass('App\\Models\\extra\\DeklarModel')
 5 SYSTEMPATH\CodeIgniter.php(907): App\Controllers\BaseController->initController(Object(CodeIgniter\HTTP\IncomingRequest), Object(CodeIgniter\HTTP\Response), Object(CodeIgniter\Log\Logger))
 6 SYSTEMPATH\CodeIgniter.php(490): CodeIgniter\CodeIgniter->createController()
 7 SYSTEMPATH\CodeIgniter.php(368): CodeIgniter\CodeIgniter->handleRequest(null, Object(Config\Cache), false)
 8 FCPATH\index.php(67): CodeIgniter\CodeIgniter->run()
 9 SYSTEMPATH\Commands\Server\rewrite.php(47): require_once('D:\\Shared\\simpro\\public\\index.php')
WARNING - 2024-07-14 16:02:22 --> [DEPRECATED] Creation of dynamic property App\Controllers\trkas\pengeluaran\Keuangan::$roleModel is deprecated in APPPATH\Controllers\BaseController.php on line 82.
 1 SYSTEMPATH\CodeIgniter.php(907): App\Controllers\BaseController->initController(Object(CodeIgniter\HTTP\IncomingRequest), Object(CodeIgniter\HTTP\Response), Object(CodeIgniter\Log\Logger))
 2 SYSTEMPATH\CodeIgniter.php(490): CodeIgniter\CodeIgniter->createController()
 3 SYSTEMPATH\CodeIgniter.php(368): CodeIgniter\CodeIgniter->handleRequest(null, Object(Config\Cache), false)
 4 FCPATH\index.php(67): CodeIgniter\CodeIgniter->run()
 5 SYSTEMPATH\Commands\Server\rewrite.php(47): require_once('D:\\Shared\\simpro\\public\\index.php')
WARNING - 2024-07-14 16:02:22 --> [DEPRECATED] Creation of dynamic property App\Controllers\trkas\pengeluaran\Keuangan::$anu is deprecated in APPPATH\Controllers\BaseController.php on line 88.
 1 SYSTEMPATH\CodeIgniter.php(907): App\Controllers\BaseController->initController(Object(CodeIgniter\HTTP\IncomingRequest), Object(CodeIgniter\HTTP\Response), Object(CodeIgniter\Log\Logger))
 2 SYSTEMPATH\CodeIgniter.php(490): CodeIgniter\CodeIgniter->createController()
 3 SYSTEMPATH\CodeIgniter.php(368): CodeIgniter\CodeIgniter->handleRequest(null, Object(Config\Cache), false)
 4 FCPATH\index.php(67): CodeIgniter\CodeIgniter->run()
 5 SYSTEMPATH\Commands\Server\rewrite.php(47): require_once('D:\\Shared\\simpro\\public\\index.php')
INFO - 2024-07-14 16:02:23 --> Session: Class initialized using 'CodeIgniter\Session\Handlers\FileHandler' driver.
WARNING - 2024-07-14 16:02:23 --> [DEPRECATED] Optional parameter $pilih declared before required parameter $divisi is implicitly treated as a required parameter in APPPATH\Models\extra\DeklarModel.php on line 522.
 1 SYSTEMPATH\Autoloader\Autoloader.php(312): include_once('D:\\Shared\\simpro\\system\\Debug\\Exceptions.php')
 2 SYSTEMPATH\Autoloader\Autoloader.php(289): CodeIgniter\Autoloader\Autoloader->includeFile('D:\\Shared\\simpro\\app\\Models\\extra\\DeklarModel.php')
 3 SYSTEMPATH\Autoloader\Autoloader.php(267): CodeIgniter\Autoloader\Autoloader->loadInNamespace('App\\Models\\extra\\DeklarModel')
 4 APPPATH\Controllers\BaseController.php(79): CodeIgniter\Autoloader\Autoloader->loadClass('App\\Models\\extra\\DeklarModel')
 5 SYSTEMPATH\CodeIgniter.php(907): App\Controllers\BaseController->initController(Object(CodeIgniter\HTTP\IncomingRequest), Object(CodeIgniter\HTTP\Response), Object(CodeIgniter\Log\Logger))
 6 SYSTEMPATH\CodeIgniter.php(490): CodeIgniter\CodeIgniter->createController()
 7 SYSTEMPATH\CodeIgniter.php(368): CodeIgniter\CodeIgniter->handleRequest(null, Object(Config\Cache), false)
 8 FCPATH\index.php(67): CodeIgniter\CodeIgniter->run()
 9 SYSTEMPATH\Commands\Server\rewrite.php(47): require_once('D:\\Shared\\simpro\\public\\index.php')
WARNING - 2024-07-14 16:02:23 --> [DEPRECATED] Creation of dynamic property App\Controllers\extra\Loadtran::$roleModel is deprecated in APPPATH\Controllers\BaseController.php on line 82.
 1 SYSTEMPATH\CodeIgniter.php(907): App\Controllers\BaseController->initController(Object(CodeIgniter\HTTP\IncomingRequest), Object(CodeIgniter\HTTP\Response), Object(CodeIgniter\Log\Logger))
 2 SYSTEMPATH\CodeIgniter.php(490): CodeIgniter\CodeIgniter->createController()
 3 SYSTEMPATH\CodeIgniter.php(368): CodeIgniter\CodeIgniter->handleRequest(null, Object(Config\Cache), false)
 4 FCPATH\index.php(67): CodeIgniter\CodeIgniter->run()
 5 SYSTEMPATH\Commands\Server\rewrite.php(47): require_once('D:\\Shared\\simpro\\public\\index.php')
WARNING - 2024-07-14 16:02:23 --> [DEPRECATED] Creation of dynamic property App\Controllers\extra\Loadtran::$anu is deprecated in APPPATH\Controllers\BaseController.php on line 88.
 1 SYSTEMPATH\CodeIgniter.php(907): App\Controllers\BaseController->initController(Object(CodeIgniter\HTTP\IncomingRequest), Object(CodeIgniter\HTTP\Response), Object(CodeIgniter\Log\Logger))
 2 SYSTEMPATH\CodeIgniter.php(490): CodeIgniter\CodeIgniter->createController()
 3 SYSTEMPATH\CodeIgniter.php(368): CodeIgniter\CodeIgniter->handleRequest(null, Object(Config\Cache), false)
 4 FCPATH\index.php(67): CodeIgniter\CodeIgniter->run()
 5 SYSTEMPATH\Commands\Server\rewrite.php(47): require_once('D:\\Shared\\simpro\\public\\index.php')
INFO - 2024-07-14 16:02:29 --> Session: Class initialized using 'CodeIgniter\Session\Handlers\FileHandler' driver.
WARNING - 2024-07-14 16:02:29 --> [DEPRECATED] Optional parameter $pilih declared before required parameter $divisi is implicitly treated as a required parameter in APPPATH\Models\extra\DeklarModel.php on line 522.
 1 SYSTEMPATH\Autoloader\Autoloader.php(312): include_once('D:\\Shared\\simpro\\system\\Debug\\Exceptions.php')
 2 SYSTEMPATH\Autoloader\Autoloader.php(289): CodeIgniter\Autoloader\Autoloader->includeFile('D:\\Shared\\simpro\\app\\Models\\extra\\DeklarModel.php')
 3 SYSTEMPATH\Autoloader\Autoloader.php(267): CodeIgniter\Autoloader\Autoloader->loadInNamespace('App\\Models\\extra\\DeklarModel')
 4 APPPATH\Controllers\BaseController.php(79): CodeIgniter\Autoloader\Autoloader->loadClass('App\\Models\\extra\\DeklarModel')
 5 SYSTEMPATH\CodeIgniter.php(907): App\Controllers\BaseController->initController(Object(CodeIgniter\HTTP\IncomingRequest), Object(CodeIgniter\HTTP\Response), Object(CodeIgniter\Log\Logger))
 6 SYSTEMPATH\CodeIgniter.php(490): CodeIgniter\CodeIgniter->createController()
 7 SYSTEMPATH\CodeIgniter.php(368): CodeIgniter\CodeIgniter->handleRequest(null, Object(Config\Cache), false)
 8 FCPATH\index.php(67): CodeIgniter\CodeIgniter->run()
 9 SYSTEMPATH\Commands\Server\rewrite.php(47): require_once('D:\\Shared\\simpro\\public\\index.php')
WARNING - 2024-07-14 16:02:29 --> [DEPRECATED] Creation of dynamic property App\Controllers\extra\Loadtran::$roleModel is deprecated in APPPATH\Controllers\BaseController.php on line 82.
 1 SYSTEMPATH\CodeIgniter.php(907): App\Controllers\BaseController->initController(Object(CodeIgniter\HTTP\IncomingRequest), Object(CodeIgniter\HTTP\Response), Object(CodeIgniter\Log\Logger))
 2 SYSTEMPATH\CodeIgniter.php(490): CodeIgniter\CodeIgniter->createController()
 3 SYSTEMPATH\CodeIgniter.php(368): CodeIgniter\CodeIgniter->handleRequest(null, Object(Config\Cache), false)
 4 FCPATH\index.php(67): CodeIgniter\CodeIgniter->run()
 5 SYSTEMPATH\Commands\Server\rewrite.php(47): require_once('D:\\Shared\\simpro\\public\\index.php')
WARNING - 2024-07-14 16:02:29 --> [DEPRECATED] Creation of dynamic property App\Controllers\extra\Loadtran::$anu is deprecated in APPPATH\Controllers\BaseController.php on line 88.
 1 SYSTEMPATH\CodeIgniter.php(907): App\Controllers\BaseController->initController(Object(CodeIgniter\HTTP\IncomingRequest), Object(CodeIgniter\HTTP\Response), Object(CodeIgniter\Log\Logger))
 2 SYSTEMPATH\CodeIgniter.php(490): CodeIgniter\CodeIgniter->createController()
 3 SYSTEMPATH\CodeIgniter.php(368): CodeIgniter\CodeIgniter->handleRequest(null, Object(Config\Cache), false)
 4 FCPATH\index.php(67): CodeIgniter\CodeIgniter->run()
 5 SYSTEMPATH\Commands\Server\rewrite.php(47): require_once('D:\\Shared\\simpro\\public\\index.php')
INFO - 2024-07-14 16:02:31 --> Session: Class initialized using 'CodeIgniter\Session\Handlers\FileHandler' driver.
WARNING - 2024-07-14 16:02:31 --> [DEPRECATED] Optional parameter $pilih declared before required parameter $divisi is implicitly treated as a required parameter in APPPATH\Models\extra\DeklarModel.php on line 522.
 1 SYSTEMPATH\Autoloader\Autoloader.php(312): include_once('D:\\Shared\\simpro\\system\\Debug\\Exceptions.php')
 2 SYSTEMPATH\Autoloader\Autoloader.php(289): CodeIgniter\Autoloader\Autoloader->includeFile('D:\\Shared\\simpro\\app\\Models\\extra\\DeklarModel.php')
 3 SYSTEMPATH\Autoloader\Autoloader.php(267): CodeIgniter\Autoloader\Autoloader->loadInNamespace('App\\Models\\extra\\DeklarModel')
 4 APPPATH\Controllers\BaseController.php(79): CodeIgniter\Autoloader\Autoloader->loadClass('App\\Models\\extra\\DeklarModel')
 5 SYSTEMPATH\CodeIgniter.php(907): App\Controllers\BaseController->initController(Object(CodeIgniter\HTTP\IncomingRequest), Object(CodeIgniter\HTTP\Response), Object(CodeIgniter\Log\Logger))
 6 SYSTEMPATH\CodeIgniter.php(490): CodeIgniter\CodeIgniter->createController()
 7 SYSTEMPATH\CodeIgniter.php(368): CodeIgniter\CodeIgniter->handleRequest(null, Object(Config\Cache), false)
 8 FCPATH\index.php(67): CodeIgniter\CodeIgniter->run()
 9 SYSTEMPATH\Commands\Server\rewrite.php(47): require_once('D:\\Shared\\simpro\\public\\index.php')
WARNING - 2024-07-14 16:02:31 --> [DEPRECATED] Creation of dynamic property App\Controllers\trkas\pengeluaran\Keuangan::$roleModel is deprecated in APPPATH\Controllers\BaseController.php on line 82.
 1 SYSTEMPATH\CodeIgniter.php(907): App\Controllers\BaseController->initController(Object(CodeIgniter\HTTP\IncomingRequest), Object(CodeIgniter\HTTP\Response), Object(CodeIgniter\Log\Logger))
 2 SYSTEMPATH\CodeIgniter.php(490): CodeIgniter\CodeIgniter->createController()
 3 SYSTEMPATH\CodeIgniter.php(368): CodeIgniter\CodeIgniter->handleRequest(null, Object(Config\Cache), false)
 4 FCPATH\index.php(67): CodeIgniter\CodeIgniter->run()
 5 SYSTEMPATH\Commands\Server\rewrite.php(47): require_once('D:\\Shared\\simpro\\public\\index.php')
WARNING - 2024-07-14 16:02:31 --> [DEPRECATED] Creation of dynamic property App\Controllers\trkas\pengeluaran\Keuangan::$anu is deprecated in APPPATH\Controllers\BaseController.php on line 88.
 1 SYSTEMPATH\CodeIgniter.php(907): App\Controllers\BaseController->initController(Object(CodeIgniter\HTTP\IncomingRequest), Object(CodeIgniter\HTTP\Response), Object(CodeIgniter\Log\Logger))
 2 SYSTEMPATH\CodeIgniter.php(490): CodeIgniter\CodeIgniter->createController()
 3 SYSTEMPATH\CodeIgniter.php(368): CodeIgniter\CodeIgniter->handleRequest(null, Object(Config\Cache), false)
 4 FCPATH\index.php(67): CodeIgniter\CodeIgniter->run()
 5 SYSTEMPATH\Commands\Server\rewrite.php(47): require_once('D:\\Shared\\simpro\\public\\index.php')
INFO - 2024-07-14 16:02:32 --> Session: Class initialized using 'CodeIgniter\Session\Handlers\FileHandler' driver.
WARNING - 2024-07-14 16:02:33 --> [DEPRECATED] Optional parameter $pilih declared before required parameter $divisi is implicitly treated as a required parameter in APPPATH\Models\extra\DeklarModel.php on line 522.
 1 SYSTEMPATH\Autoloader\Autoloader.php(312): include_once('D:\\Shared\\simpro\\system\\Debug\\Exceptions.php')
 2 SYSTEMPATH\Autoloader\Autoloader.php(289): CodeIgniter\Autoloader\Autoloader->includeFile('D:\\Shared\\simpro\\app\\Models\\extra\\DeklarModel.php')
 3 SYSTEMPATH\Autoloader\Autoloader.php(267): CodeIgniter\Autoloader\Autoloader->loadInNamespace('App\\Models\\extra\\DeklarModel')
 4 APPPATH\Controllers\BaseController.php(79): CodeIgniter\Autoloader\Autoloader->loadClass('App\\Models\\extra\\DeklarModel')
 5 SYSTEMPATH\CodeIgniter.php(907): App\Controllers\BaseController->initController(Object(CodeIgniter\HTTP\IncomingRequest), Object(CodeIgniter\HTTP\Response), Object(CodeIgniter\Log\Logger))
 6 SYSTEMPATH\CodeIgniter.php(490): CodeIgniter\CodeIgniter->createController()
 7 SYSTEMPATH\CodeIgniter.php(368): CodeIgniter\CodeIgniter->handleRequest(null, Object(Config\Cache), false)
 8 FCPATH\index.php(67): CodeIgniter\CodeIgniter->run()
 9 SYSTEMPATH\Commands\Server\rewrite.php(47): require_once('D:\\Shared\\simpro\\public\\index.php')
WARNING - 2024-07-14 16:02:33 --> [DEPRECATED] Creation of dynamic property App\Controllers\extra\Loadtran::$roleModel is deprecated in APPPATH\Controllers\BaseController.php on line 82.
 1 SYSTEMPATH\CodeIgniter.php(907): App\Controllers\BaseController->initController(Object(CodeIgniter\HTTP\IncomingRequest), Object(CodeIgniter\HTTP\Response), Object(CodeIgniter\Log\Logger))
 2 SYSTEMPATH\CodeIgniter.php(490): CodeIgniter\CodeIgniter->createController()
 3 SYSTEMPATH\CodeIgniter.php(368): CodeIgniter\CodeIgniter->handleRequest(null, Object(Config\Cache), false)
 4 FCPATH\index.php(67): CodeIgniter\CodeIgniter->run()
 5 SYSTEMPATH\Commands\Server\rewrite.php(47): require_once('D:\\Shared\\simpro\\public\\index.php')
WARNING - 2024-07-14 16:02:33 --> [DEPRECATED] Creation of dynamic property App\Controllers\extra\Loadtran::$anu is deprecated in APPPATH\Controllers\BaseController.php on line 88.
 1 SYSTEMPATH\CodeIgniter.php(907): App\Controllers\BaseController->initController(Object(CodeIgniter\HTTP\IncomingRequest), Object(CodeIgniter\HTTP\Response), Object(CodeIgniter\Log\Logger))
 2 SYSTEMPATH\CodeIgniter.php(490): CodeIgniter\CodeIgniter->createController()
 3 SYSTEMPATH\CodeIgniter.php(368): CodeIgniter\CodeIgniter->handleRequest(null, Object(Config\Cache), false)
 4 FCPATH\index.php(67): CodeIgniter\CodeIgniter->run()
 5 SYSTEMPATH\Commands\Server\rewrite.php(47): require_once('D:\\Shared\\simpro\\public\\index.php')
