INFO - 2024-08-10 11:41:22 --> Session: Class initialized using 'CodeIgniter\Session\Handlers\FileHandler' driver.
INFO - 2024-08-10 11:41:22 --> Session: Class initialized using 'CodeIgniter\Session\Handlers\FileHandler' driver.
WARNING - 2024-08-10 11:41:23 --> [DEPRECATED] Optional parameter $pilih declared before required parameter $divisi is implicitly treated as a required parameter in APPPATH\Models\extra\DeklarModel.php on line 522.
 1 SYSTEMPATH\Autoloader\Autoloader.php(312): include_once('D:\\Shared\\simpro\\system\\Debug\\Exceptions.php')
 2 SYSTEMPATH\Autoloader\Autoloader.php(289): CodeIgniter\Autoloader\Autoloader->includeFile('D:\\Shared\\simpro\\app\\Models\\extra\\DeklarModel.php')
 3 SYSTEMPATH\Autoloader\Autoloader.php(267): CodeIgniter\Autoloader\Autoloader->loadInNamespace('App\\Models\\extra\\DeklarModel')
 4 APPPATH\Controllers\BaseController.php(79): CodeIgniter\Autoloader\Autoloader->loadClass('App\\Models\\extra\\DeklarModel')
 5 SYSTEMPATH\CodeIgniter.php(907): App\Controllers\BaseController->initController(Object(CodeIgniter\HTTP\IncomingRequest), Object(CodeIgniter\HTTP\Response), Object(CodeIgniter\Log\Logger))
 6 SYSTEMPATH\CodeIgniter.php(490): CodeIgniter\CodeIgniter->createController()
 7 SYSTEMPATH\CodeIgniter.php(368): CodeIgniter\CodeIgniter->handleRequest(null, Object(Config\Cache), false)
 8 FCPATH\index.php(67): CodeIgniter\CodeIgniter->run()
 9 SYSTEMPATH\Commands\Server\rewrite.php(47): require_once('D:\\Shared\\simpro\\public\\index.php')
WARNING - 2024-08-10 11:41:23 --> [DEPRECATED] Creation of dynamic property App\Controllers\Login::$roleModel is deprecated in APPPATH\Controllers\BaseController.php on line 82.
 1 SYSTEMPATH\CodeIgniter.php(907): App\Controllers\BaseController->initController(Object(CodeIgniter\HTTP\IncomingRequest), Object(CodeIgniter\HTTP\Response), Object(CodeIgniter\Log\Logger))
 2 SYSTEMPATH\CodeIgniter.php(490): CodeIgniter\CodeIgniter->createController()
 3 SYSTEMPATH\CodeIgniter.php(368): CodeIgniter\CodeIgniter->handleRequest(null, Object(Config\Cache), false)
 4 FCPATH\index.php(67): CodeIgniter\CodeIgniter->run()
 5 SYSTEMPATH\Commands\Server\rewrite.php(47): require_once('D:\\Shared\\simpro\\public\\index.php')
WARNING - 2024-08-10 11:41:23 --> [DEPRECATED] Creation of dynamic property App\Controllers\Login::$anu is deprecated in APPPATH\Controllers\BaseController.php on line 88.
 1 SYSTEMPATH\CodeIgniter.php(907): App\Controllers\BaseController->initController(Object(CodeIgniter\HTTP\IncomingRequest), Object(CodeIgniter\HTTP\Response), Object(CodeIgniter\Log\Logger))
 2 SYSTEMPATH\CodeIgniter.php(490): CodeIgniter\CodeIgniter->createController()
 3 SYSTEMPATH\CodeIgniter.php(368): CodeIgniter\CodeIgniter->handleRequest(null, Object(Config\Cache), false)
 4 FCPATH\index.php(67): CodeIgniter\CodeIgniter->run()
 5 SYSTEMPATH\Commands\Server\rewrite.php(47): require_once('D:\\Shared\\simpro\\public\\index.php')
INFO - 2024-08-10 11:41:35 --> Session: Class initialized using 'CodeIgniter\Session\Handlers\FileHandler' driver.
WARNING - 2024-08-10 11:41:35 --> [DEPRECATED] Optional parameter $pilih declared before required parameter $divisi is implicitly treated as a required parameter in APPPATH\Models\extra\DeklarModel.php on line 522.
 1 SYSTEMPATH\Autoloader\Autoloader.php(312): include_once('D:\\Shared\\simpro\\system\\Debug\\Exceptions.php')
 2 SYSTEMPATH\Autoloader\Autoloader.php(289): CodeIgniter\Autoloader\Autoloader->includeFile('D:\\Shared\\simpro\\app\\Models\\extra\\DeklarModel.php')
 3 SYSTEMPATH\Autoloader\Autoloader.php(267): CodeIgniter\Autoloader\Autoloader->loadInNamespace('App\\Models\\extra\\DeklarModel')
 4 APPPATH\Controllers\BaseController.php(79): CodeIgniter\Autoloader\Autoloader->loadClass('App\\Models\\extra\\DeklarModel')
 5 SYSTEMPATH\CodeIgniter.php(907): App\Controllers\BaseController->initController(Object(CodeIgniter\HTTP\IncomingRequest), Object(CodeIgniter\HTTP\Response), Object(CodeIgniter\Log\Logger))
 6 SYSTEMPATH\CodeIgniter.php(490): CodeIgniter\CodeIgniter->createController()
 7 SYSTEMPATH\CodeIgniter.php(368): CodeIgniter\CodeIgniter->handleRequest(null, Object(Config\Cache), false)
 8 FCPATH\index.php(67): CodeIgniter\CodeIgniter->run()
 9 SYSTEMPATH\Commands\Server\rewrite.php(47): require_once('D:\\Shared\\simpro\\public\\index.php')
WARNING - 2024-08-10 11:41:35 --> [DEPRECATED] Creation of dynamic property App\Controllers\Login::$roleModel is deprecated in APPPATH\Controllers\BaseController.php on line 82.
 1 SYSTEMPATH\CodeIgniter.php(907): App\Controllers\BaseController->initController(Object(CodeIgniter\HTTP\IncomingRequest), Object(CodeIgniter\HTTP\Response), Object(CodeIgniter\Log\Logger))
 2 SYSTEMPATH\CodeIgniter.php(490): CodeIgniter\CodeIgniter->createController()
 3 SYSTEMPATH\CodeIgniter.php(368): CodeIgniter\CodeIgniter->handleRequest(null, Object(Config\Cache), false)
 4 FCPATH\index.php(67): CodeIgniter\CodeIgniter->run()
 5 SYSTEMPATH\Commands\Server\rewrite.php(47): require_once('D:\\Shared\\simpro\\public\\index.php')
WARNING - 2024-08-10 11:41:35 --> [DEPRECATED] Creation of dynamic property App\Controllers\Login::$anu is deprecated in APPPATH\Controllers\BaseController.php on line 88.
 1 SYSTEMPATH\CodeIgniter.php(907): App\Controllers\BaseController->initController(Object(CodeIgniter\HTTP\IncomingRequest), Object(CodeIgniter\HTTP\Response), Object(CodeIgniter\Log\Logger))
 2 SYSTEMPATH\CodeIgniter.php(490): CodeIgniter\CodeIgniter->createController()
 3 SYSTEMPATH\CodeIgniter.php(368): CodeIgniter\CodeIgniter->handleRequest(null, Object(Config\Cache), false)
 4 FCPATH\index.php(67): CodeIgniter\CodeIgniter->run()
 5 SYSTEMPATH\Commands\Server\rewrite.php(47): require_once('D:\\Shared\\simpro\\public\\index.php')
INFO - 2024-08-10 11:41:35 --> Session: Class initialized using 'CodeIgniter\Session\Handlers\FileHandler' driver.
WARNING - 2024-08-10 11:41:35 --> [DEPRECATED] Optional parameter $pilih declared before required parameter $divisi is implicitly treated as a required parameter in APPPATH\Models\extra\DeklarModel.php on line 522.
 1 SYSTEMPATH\Autoloader\Autoloader.php(312): include_once('D:\\Shared\\simpro\\system\\Debug\\Exceptions.php')
 2 SYSTEMPATH\Autoloader\Autoloader.php(289): CodeIgniter\Autoloader\Autoloader->includeFile('D:\\Shared\\simpro\\app\\Models\\extra\\DeklarModel.php')
 3 SYSTEMPATH\Autoloader\Autoloader.php(267): CodeIgniter\Autoloader\Autoloader->loadInNamespace('App\\Models\\extra\\DeklarModel')
 4 APPPATH\Controllers\BaseController.php(79): CodeIgniter\Autoloader\Autoloader->loadClass('App\\Models\\extra\\DeklarModel')
 5 SYSTEMPATH\CodeIgniter.php(907): App\Controllers\BaseController->initController(Object(CodeIgniter\HTTP\IncomingRequest), Object(CodeIgniter\HTTP\Response), Object(CodeIgniter\Log\Logger))
 6 SYSTEMPATH\CodeIgniter.php(490): CodeIgniter\CodeIgniter->createController()
 7 SYSTEMPATH\CodeIgniter.php(368): CodeIgniter\CodeIgniter->handleRequest(null, Object(Config\Cache), false)
 8 FCPATH\index.php(67): CodeIgniter\CodeIgniter->run()
 9 SYSTEMPATH\Commands\Server\rewrite.php(47): require_once('D:\\Shared\\simpro\\public\\index.php')
WARNING - 2024-08-10 11:41:35 --> [DEPRECATED] Creation of dynamic property App\Controllers\Home::$roleModel is deprecated in APPPATH\Controllers\BaseController.php on line 82.
 1 SYSTEMPATH\CodeIgniter.php(907): App\Controllers\BaseController->initController(Object(CodeIgniter\HTTP\IncomingRequest), Object(CodeIgniter\HTTP\Response), Object(CodeIgniter\Log\Logger))
 2 SYSTEMPATH\CodeIgniter.php(490): CodeIgniter\CodeIgniter->createController()
 3 SYSTEMPATH\CodeIgniter.php(368): CodeIgniter\CodeIgniter->handleRequest(null, Object(Config\Cache), false)
 4 FCPATH\index.php(67): CodeIgniter\CodeIgniter->run()
 5 SYSTEMPATH\Commands\Server\rewrite.php(47): require_once('D:\\Shared\\simpro\\public\\index.php')
WARNING - 2024-08-10 11:41:35 --> [DEPRECATED] Creation of dynamic property App\Controllers\Home::$anu is deprecated in APPPATH\Controllers\BaseController.php on line 88.
 1 SYSTEMPATH\CodeIgniter.php(907): App\Controllers\BaseController->initController(Object(CodeIgniter\HTTP\IncomingRequest), Object(CodeIgniter\HTTP\Response), Object(CodeIgniter\Log\Logger))
 2 SYSTEMPATH\CodeIgniter.php(490): CodeIgniter\CodeIgniter->createController()
 3 SYSTEMPATH\CodeIgniter.php(368): CodeIgniter\CodeIgniter->handleRequest(null, Object(Config\Cache), false)
 4 FCPATH\index.php(67): CodeIgniter\CodeIgniter->run()
 5 SYSTEMPATH\Commands\Server\rewrite.php(47): require_once('D:\\Shared\\simpro\\public\\index.php')
INFO - 2024-08-10 11:41:46 --> Session: Class initialized using 'CodeIgniter\Session\Handlers\FileHandler' driver.
WARNING - 2024-08-10 11:41:46 --> [DEPRECATED] Optional parameter $pilih declared before required parameter $divisi is implicitly treated as a required parameter in APPPATH\Models\extra\DeklarModel.php on line 522.
 1 SYSTEMPATH\Autoloader\Autoloader.php(312): include_once('D:\\Shared\\simpro\\system\\Debug\\Exceptions.php')
 2 SYSTEMPATH\Autoloader\Autoloader.php(289): CodeIgniter\Autoloader\Autoloader->includeFile('D:\\Shared\\simpro\\app\\Models\\extra\\DeklarModel.php')
 3 SYSTEMPATH\Autoloader\Autoloader.php(267): CodeIgniter\Autoloader\Autoloader->loadInNamespace('App\\Models\\extra\\DeklarModel')
 4 APPPATH\Controllers\BaseController.php(79): CodeIgniter\Autoloader\Autoloader->loadClass('App\\Models\\extra\\DeklarModel')
 5 SYSTEMPATH\CodeIgniter.php(907): App\Controllers\BaseController->initController(Object(CodeIgniter\HTTP\IncomingRequest), Object(CodeIgniter\HTTP\Response), Object(CodeIgniter\Log\Logger))
 6 SYSTEMPATH\CodeIgniter.php(490): CodeIgniter\CodeIgniter->createController()
 7 SYSTEMPATH\CodeIgniter.php(368): CodeIgniter\CodeIgniter->handleRequest(null, Object(Config\Cache), false)
 8 FCPATH\index.php(67): CodeIgniter\CodeIgniter->run()
 9 SYSTEMPATH\Commands\Server\rewrite.php(47): require_once('D:\\Shared\\simpro\\public\\index.php')
WARNING - 2024-08-10 11:41:46 --> [DEPRECATED] Creation of dynamic property App\Controllers\file\item\Barang::$roleModel is deprecated in APPPATH\Controllers\BaseController.php on line 82.
 1 SYSTEMPATH\CodeIgniter.php(907): App\Controllers\BaseController->initController(Object(CodeIgniter\HTTP\IncomingRequest), Object(CodeIgniter\HTTP\Response), Object(CodeIgniter\Log\Logger))
 2 SYSTEMPATH\CodeIgniter.php(490): CodeIgniter\CodeIgniter->createController()
 3 SYSTEMPATH\CodeIgniter.php(368): CodeIgniter\CodeIgniter->handleRequest(null, Object(Config\Cache), false)
 4 FCPATH\index.php(67): CodeIgniter\CodeIgniter->run()
 5 SYSTEMPATH\Commands\Server\rewrite.php(47): require_once('D:\\Shared\\simpro\\public\\index.php')
WARNING - 2024-08-10 11:41:46 --> [DEPRECATED] Creation of dynamic property App\Controllers\file\item\Barang::$anu is deprecated in APPPATH\Controllers\BaseController.php on line 88.
 1 SYSTEMPATH\CodeIgniter.php(907): App\Controllers\BaseController->initController(Object(CodeIgniter\HTTP\IncomingRequest), Object(CodeIgniter\HTTP\Response), Object(CodeIgniter\Log\Logger))
 2 SYSTEMPATH\CodeIgniter.php(490): CodeIgniter\CodeIgniter->createController()
 3 SYSTEMPATH\CodeIgniter.php(368): CodeIgniter\CodeIgniter->handleRequest(null, Object(Config\Cache), false)
 4 FCPATH\index.php(67): CodeIgniter\CodeIgniter->run()
 5 SYSTEMPATH\Commands\Server\rewrite.php(47): require_once('D:\\Shared\\simpro\\public\\index.php')
INFO - 2024-08-10 11:41:47 --> Session: Class initialized using 'CodeIgniter\Session\Handlers\FileHandler' driver.
WARNING - 2024-08-10 11:41:47 --> [DEPRECATED] Optional parameter $pilih declared before required parameter $divisi is implicitly treated as a required parameter in APPPATH\Models\extra\DeklarModel.php on line 522.
 1 SYSTEMPATH\Autoloader\Autoloader.php(312): include_once('D:\\Shared\\simpro\\system\\Debug\\Exceptions.php')
 2 SYSTEMPATH\Autoloader\Autoloader.php(289): CodeIgniter\Autoloader\Autoloader->includeFile('D:\\Shared\\simpro\\app\\Models\\extra\\DeklarModel.php')
 3 SYSTEMPATH\Autoloader\Autoloader.php(267): CodeIgniter\Autoloader\Autoloader->loadInNamespace('App\\Models\\extra\\DeklarModel')
 4 APPPATH\Controllers\BaseController.php(79): CodeIgniter\Autoloader\Autoloader->loadClass('App\\Models\\extra\\DeklarModel')
 5 SYSTEMPATH\CodeIgniter.php(907): App\Controllers\BaseController->initController(Object(CodeIgniter\HTTP\IncomingRequest), Object(CodeIgniter\HTTP\Response), Object(CodeIgniter\Log\Logger))
 6 SYSTEMPATH\CodeIgniter.php(490): CodeIgniter\CodeIgniter->createController()
 7 SYSTEMPATH\CodeIgniter.php(368): CodeIgniter\CodeIgniter->handleRequest(null, Object(Config\Cache), false)
 8 FCPATH\index.php(67): CodeIgniter\CodeIgniter->run()
 9 SYSTEMPATH\Commands\Server\rewrite.php(47): require_once('D:\\Shared\\simpro\\public\\index.php')
WARNING - 2024-08-10 11:41:47 --> [DEPRECATED] Creation of dynamic property App\Controllers\extra\Loadfile::$roleModel is deprecated in APPPATH\Controllers\BaseController.php on line 82.
 1 SYSTEMPATH\CodeIgniter.php(907): App\Controllers\BaseController->initController(Object(CodeIgniter\HTTP\IncomingRequest), Object(CodeIgniter\HTTP\Response), Object(CodeIgniter\Log\Logger))
 2 SYSTEMPATH\CodeIgniter.php(490): CodeIgniter\CodeIgniter->createController()
 3 SYSTEMPATH\CodeIgniter.php(368): CodeIgniter\CodeIgniter->handleRequest(null, Object(Config\Cache), false)
 4 FCPATH\index.php(67): CodeIgniter\CodeIgniter->run()
 5 SYSTEMPATH\Commands\Server\rewrite.php(47): require_once('D:\\Shared\\simpro\\public\\index.php')
WARNING - 2024-08-10 11:41:47 --> [DEPRECATED] Creation of dynamic property App\Controllers\extra\Loadfile::$anu is deprecated in APPPATH\Controllers\BaseController.php on line 88.
 1 SYSTEMPATH\CodeIgniter.php(907): App\Controllers\BaseController->initController(Object(CodeIgniter\HTTP\IncomingRequest), Object(CodeIgniter\HTTP\Response), Object(CodeIgniter\Log\Logger))
 2 SYSTEMPATH\CodeIgniter.php(490): CodeIgniter\CodeIgniter->createController()
 3 SYSTEMPATH\CodeIgniter.php(368): CodeIgniter\CodeIgniter->handleRequest(null, Object(Config\Cache), false)
 4 FCPATH\index.php(67): CodeIgniter\CodeIgniter->run()
 5 SYSTEMPATH\Commands\Server\rewrite.php(47): require_once('D:\\Shared\\simpro\\public\\index.php')
INFO - 2024-08-10 11:41:49 --> Session: Class initialized using 'CodeIgniter\Session\Handlers\FileHandler' driver.
WARNING - 2024-08-10 11:41:49 --> [DEPRECATED] Optional parameter $pilih declared before required parameter $divisi is implicitly treated as a required parameter in APPPATH\Models\extra\DeklarModel.php on line 522.
 1 SYSTEMPATH\Autoloader\Autoloader.php(312): include_once('D:\\Shared\\simpro\\system\\Debug\\Exceptions.php')
 2 SYSTEMPATH\Autoloader\Autoloader.php(289): CodeIgniter\Autoloader\Autoloader->includeFile('D:\\Shared\\simpro\\app\\Models\\extra\\DeklarModel.php')
 3 SYSTEMPATH\Autoloader\Autoloader.php(267): CodeIgniter\Autoloader\Autoloader->loadInNamespace('App\\Models\\extra\\DeklarModel')
 4 APPPATH\Controllers\BaseController.php(79): CodeIgniter\Autoloader\Autoloader->loadClass('App\\Models\\extra\\DeklarModel')
 5 SYSTEMPATH\CodeIgniter.php(907): App\Controllers\BaseController->initController(Object(CodeIgniter\HTTP\IncomingRequest), Object(CodeIgniter\HTTP\Response), Object(CodeIgniter\Log\Logger))
 6 SYSTEMPATH\CodeIgniter.php(490): CodeIgniter\CodeIgniter->createController()
 7 SYSTEMPATH\CodeIgniter.php(368): CodeIgniter\CodeIgniter->handleRequest(null, Object(Config\Cache), false)
 8 FCPATH\index.php(67): CodeIgniter\CodeIgniter->run()
 9 SYSTEMPATH\Commands\Server\rewrite.php(47): require_once('D:\\Shared\\simpro\\public\\index.php')
WARNING - 2024-08-10 11:41:49 --> [DEPRECATED] Creation of dynamic property App\Controllers\file\item\Barang::$roleModel is deprecated in APPPATH\Controllers\BaseController.php on line 82.
 1 SYSTEMPATH\CodeIgniter.php(907): App\Controllers\BaseController->initController(Object(CodeIgniter\HTTP\IncomingRequest), Object(CodeIgniter\HTTP\Response), Object(CodeIgniter\Log\Logger))
 2 SYSTEMPATH\CodeIgniter.php(490): CodeIgniter\CodeIgniter->createController()
 3 SYSTEMPATH\CodeIgniter.php(368): CodeIgniter\CodeIgniter->handleRequest(null, Object(Config\Cache), false)
 4 FCPATH\index.php(67): CodeIgniter\CodeIgniter->run()
 5 SYSTEMPATH\Commands\Server\rewrite.php(47): require_once('D:\\Shared\\simpro\\public\\index.php')
WARNING - 2024-08-10 11:41:49 --> [DEPRECATED] Creation of dynamic property App\Controllers\file\item\Barang::$anu is deprecated in APPPATH\Controllers\BaseController.php on line 88.
 1 SYSTEMPATH\CodeIgniter.php(907): App\Controllers\BaseController->initController(Object(CodeIgniter\HTTP\IncomingRequest), Object(CodeIgniter\HTTP\Response), Object(CodeIgniter\Log\Logger))
 2 SYSTEMPATH\CodeIgniter.php(490): CodeIgniter\CodeIgniter->createController()
 3 SYSTEMPATH\CodeIgniter.php(368): CodeIgniter\CodeIgniter->handleRequest(null, Object(Config\Cache), false)
 4 FCPATH\index.php(67): CodeIgniter\CodeIgniter->run()
 5 SYSTEMPATH\Commands\Server\rewrite.php(47): require_once('D:\\Shared\\simpro\\public\\index.php')
INFO - 2024-08-10 11:41:49 --> Session: Class initialized using 'CodeIgniter\Session\Handlers\FileHandler' driver.
WARNING - 2024-08-10 11:41:49 --> [DEPRECATED] Optional parameter $pilih declared before required parameter $divisi is implicitly treated as a required parameter in APPPATH\Models\extra\DeklarModel.php on line 522.
 1 SYSTEMPATH\Autoloader\Autoloader.php(312): include_once('D:\\Shared\\simpro\\system\\Debug\\Exceptions.php')
 2 SYSTEMPATH\Autoloader\Autoloader.php(289): CodeIgniter\Autoloader\Autoloader->includeFile('D:\\Shared\\simpro\\app\\Models\\extra\\DeklarModel.php')
 3 SYSTEMPATH\Autoloader\Autoloader.php(267): CodeIgniter\Autoloader\Autoloader->loadInNamespace('App\\Models\\extra\\DeklarModel')
 4 APPPATH\Controllers\BaseController.php(79): CodeIgniter\Autoloader\Autoloader->loadClass('App\\Models\\extra\\DeklarModel')
 5 SYSTEMPATH\CodeIgniter.php(907): App\Controllers\BaseController->initController(Object(CodeIgniter\HTTP\IncomingRequest), Object(CodeIgniter\HTTP\Response), Object(CodeIgniter\Log\Logger))
 6 SYSTEMPATH\CodeIgniter.php(490): CodeIgniter\CodeIgniter->createController()
 7 SYSTEMPATH\CodeIgniter.php(368): CodeIgniter\CodeIgniter->handleRequest(null, Object(Config\Cache), false)
 8 FCPATH\index.php(67): CodeIgniter\CodeIgniter->run()
 9 SYSTEMPATH\Commands\Server\rewrite.php(47): require_once('D:\\Shared\\simpro\\public\\index.php')
WARNING - 2024-08-10 11:41:49 --> [DEPRECATED] Creation of dynamic property App\Controllers\file\item\Barang::$roleModel is deprecated in APPPATH\Controllers\BaseController.php on line 82.
 1 SYSTEMPATH\CodeIgniter.php(907): App\Controllers\BaseController->initController(Object(CodeIgniter\HTTP\IncomingRequest), Object(CodeIgniter\HTTP\Response), Object(CodeIgniter\Log\Logger))
 2 SYSTEMPATH\CodeIgniter.php(490): CodeIgniter\CodeIgniter->createController()
 3 SYSTEMPATH\CodeIgniter.php(368): CodeIgniter\CodeIgniter->handleRequest(null, Object(Config\Cache), false)
 4 FCPATH\index.php(67): CodeIgniter\CodeIgniter->run()
 5 SYSTEMPATH\Commands\Server\rewrite.php(47): require_once('D:\\Shared\\simpro\\public\\index.php')
WARNING - 2024-08-10 11:41:49 --> [DEPRECATED] Creation of dynamic property App\Controllers\file\item\Barang::$anu is deprecated in APPPATH\Controllers\BaseController.php on line 88.
 1 SYSTEMPATH\CodeIgniter.php(907): App\Controllers\BaseController->initController(Object(CodeIgniter\HTTP\IncomingRequest), Object(CodeIgniter\HTTP\Response), Object(CodeIgniter\Log\Logger))
 2 SYSTEMPATH\CodeIgniter.php(490): CodeIgniter\CodeIgniter->createController()
 3 SYSTEMPATH\CodeIgniter.php(368): CodeIgniter\CodeIgniter->handleRequest(null, Object(Config\Cache), false)
 4 FCPATH\index.php(67): CodeIgniter\CodeIgniter->run()
 5 SYSTEMPATH\Commands\Server\rewrite.php(47): require_once('D:\\Shared\\simpro\\public\\index.php')
INFO - 2024-08-10 11:41:56 --> Session: Class initialized using 'CodeIgniter\Session\Handlers\FileHandler' driver.
WARNING - 2024-08-10 11:41:56 --> [DEPRECATED] Optional parameter $pilih declared before required parameter $divisi is implicitly treated as a required parameter in APPPATH\Models\extra\DeklarModel.php on line 522.
 1 SYSTEMPATH\Autoloader\Autoloader.php(312): include_once('D:\\Shared\\simpro\\system\\Debug\\Exceptions.php')
 2 SYSTEMPATH\Autoloader\Autoloader.php(289): CodeIgniter\Autoloader\Autoloader->includeFile('D:\\Shared\\simpro\\app\\Models\\extra\\DeklarModel.php')
 3 SYSTEMPATH\Autoloader\Autoloader.php(267): CodeIgniter\Autoloader\Autoloader->loadInNamespace('App\\Models\\extra\\DeklarModel')
 4 APPPATH\Controllers\BaseController.php(79): CodeIgniter\Autoloader\Autoloader->loadClass('App\\Models\\extra\\DeklarModel')
 5 SYSTEMPATH\CodeIgniter.php(907): App\Controllers\BaseController->initController(Object(CodeIgniter\HTTP\IncomingRequest), Object(CodeIgniter\HTTP\Response), Object(CodeIgniter\Log\Logger))
 6 SYSTEMPATH\CodeIgniter.php(490): CodeIgniter\CodeIgniter->createController()
 7 SYSTEMPATH\CodeIgniter.php(368): CodeIgniter\CodeIgniter->handleRequest(null, Object(Config\Cache), false)
 8 FCPATH\index.php(67): CodeIgniter\CodeIgniter->run()
 9 SYSTEMPATH\Commands\Server\rewrite.php(47): require_once('D:\\Shared\\simpro\\public\\index.php')
WARNING - 2024-08-10 11:41:56 --> [DEPRECATED] Creation of dynamic property App\Controllers\file\item\Bahan::$roleModel is deprecated in APPPATH\Controllers\BaseController.php on line 82.
 1 SYSTEMPATH\CodeIgniter.php(907): App\Controllers\BaseController->initController(Object(CodeIgniter\HTTP\IncomingRequest), Object(CodeIgniter\HTTP\Response), Object(CodeIgniter\Log\Logger))
 2 SYSTEMPATH\CodeIgniter.php(490): CodeIgniter\CodeIgniter->createController()
 3 SYSTEMPATH\CodeIgniter.php(368): CodeIgniter\CodeIgniter->handleRequest(null, Object(Config\Cache), false)
 4 FCPATH\index.php(67): CodeIgniter\CodeIgniter->run()
 5 SYSTEMPATH\Commands\Server\rewrite.php(47): require_once('D:\\Shared\\simpro\\public\\index.php')
WARNING - 2024-08-10 11:41:56 --> [DEPRECATED] Creation of dynamic property App\Controllers\file\item\Bahan::$anu is deprecated in APPPATH\Controllers\BaseController.php on line 88.
 1 SYSTEMPATH\CodeIgniter.php(907): App\Controllers\BaseController->initController(Object(CodeIgniter\HTTP\IncomingRequest), Object(CodeIgniter\HTTP\Response), Object(CodeIgniter\Log\Logger))
 2 SYSTEMPATH\CodeIgniter.php(490): CodeIgniter\CodeIgniter->createController()
 3 SYSTEMPATH\CodeIgniter.php(368): CodeIgniter\CodeIgniter->handleRequest(null, Object(Config\Cache), false)
 4 FCPATH\index.php(67): CodeIgniter\CodeIgniter->run()
 5 SYSTEMPATH\Commands\Server\rewrite.php(47): require_once('D:\\Shared\\simpro\\public\\index.php')
INFO - 2024-08-10 11:41:57 --> Session: Class initialized using 'CodeIgniter\Session\Handlers\FileHandler' driver.
WARNING - 2024-08-10 11:41:57 --> [DEPRECATED] Optional parameter $pilih declared before required parameter $divisi is implicitly treated as a required parameter in APPPATH\Models\extra\DeklarModel.php on line 522.
 1 SYSTEMPATH\Autoloader\Autoloader.php(312): include_once('D:\\Shared\\simpro\\system\\Debug\\Exceptions.php')
 2 SYSTEMPATH\Autoloader\Autoloader.php(289): CodeIgniter\Autoloader\Autoloader->includeFile('D:\\Shared\\simpro\\app\\Models\\extra\\DeklarModel.php')
 3 SYSTEMPATH\Autoloader\Autoloader.php(267): CodeIgniter\Autoloader\Autoloader->loadInNamespace('App\\Models\\extra\\DeklarModel')
 4 APPPATH\Controllers\BaseController.php(79): CodeIgniter\Autoloader\Autoloader->loadClass('App\\Models\\extra\\DeklarModel')
 5 SYSTEMPATH\CodeIgniter.php(907): App\Controllers\BaseController->initController(Object(CodeIgniter\HTTP\IncomingRequest), Object(CodeIgniter\HTTP\Response), Object(CodeIgniter\Log\Logger))
 6 SYSTEMPATH\CodeIgniter.php(490): CodeIgniter\CodeIgniter->createController()
 7 SYSTEMPATH\CodeIgniter.php(368): CodeIgniter\CodeIgniter->handleRequest(null, Object(Config\Cache), false)
 8 FCPATH\index.php(67): CodeIgniter\CodeIgniter->run()
 9 SYSTEMPATH\Commands\Server\rewrite.php(47): require_once('D:\\Shared\\simpro\\public\\index.php')
WARNING - 2024-08-10 11:41:57 --> [DEPRECATED] Creation of dynamic property App\Controllers\extra\Loadfile::$roleModel is deprecated in APPPATH\Controllers\BaseController.php on line 82.
 1 SYSTEMPATH\CodeIgniter.php(907): App\Controllers\BaseController->initController(Object(CodeIgniter\HTTP\IncomingRequest), Object(CodeIgniter\HTTP\Response), Object(CodeIgniter\Log\Logger))
 2 SYSTEMPATH\CodeIgniter.php(490): CodeIgniter\CodeIgniter->createController()
 3 SYSTEMPATH\CodeIgniter.php(368): CodeIgniter\CodeIgniter->handleRequest(null, Object(Config\Cache), false)
 4 FCPATH\index.php(67): CodeIgniter\CodeIgniter->run()
 5 SYSTEMPATH\Commands\Server\rewrite.php(47): require_once('D:\\Shared\\simpro\\public\\index.php')
WARNING - 2024-08-10 11:41:57 --> [DEPRECATED] Creation of dynamic property App\Controllers\extra\Loadfile::$anu is deprecated in APPPATH\Controllers\BaseController.php on line 88.
 1 SYSTEMPATH\CodeIgniter.php(907): App\Controllers\BaseController->initController(Object(CodeIgniter\HTTP\IncomingRequest), Object(CodeIgniter\HTTP\Response), Object(CodeIgniter\Log\Logger))
 2 SYSTEMPATH\CodeIgniter.php(490): CodeIgniter\CodeIgniter->createController()
 3 SYSTEMPATH\CodeIgniter.php(368): CodeIgniter\CodeIgniter->handleRequest(null, Object(Config\Cache), false)
 4 FCPATH\index.php(67): CodeIgniter\CodeIgniter->run()
 5 SYSTEMPATH\Commands\Server\rewrite.php(47): require_once('D:\\Shared\\simpro\\public\\index.php')
INFO - 2024-08-10 11:42:00 --> Session: Class initialized using 'CodeIgniter\Session\Handlers\FileHandler' driver.
WARNING - 2024-08-10 11:42:00 --> [DEPRECATED] Optional parameter $pilih declared before required parameter $divisi is implicitly treated as a required parameter in APPPATH\Models\extra\DeklarModel.php on line 522.
 1 SYSTEMPATH\Autoloader\Autoloader.php(312): include_once('D:\\Shared\\simpro\\system\\Debug\\Exceptions.php')
 2 SYSTEMPATH\Autoloader\Autoloader.php(289): CodeIgniter\Autoloader\Autoloader->includeFile('D:\\Shared\\simpro\\app\\Models\\extra\\DeklarModel.php')
 3 SYSTEMPATH\Autoloader\Autoloader.php(267): CodeIgniter\Autoloader\Autoloader->loadInNamespace('App\\Models\\extra\\DeklarModel')
 4 APPPATH\Controllers\BaseController.php(79): CodeIgniter\Autoloader\Autoloader->loadClass('App\\Models\\extra\\DeklarModel')
 5 SYSTEMPATH\CodeIgniter.php(907): App\Controllers\BaseController->initController(Object(CodeIgniter\HTTP\IncomingRequest), Object(CodeIgniter\HTTP\Response), Object(CodeIgniter\Log\Logger))
 6 SYSTEMPATH\CodeIgniter.php(490): CodeIgniter\CodeIgniter->createController()
 7 SYSTEMPATH\CodeIgniter.php(368): CodeIgniter\CodeIgniter->handleRequest(null, Object(Config\Cache), false)
 8 FCPATH\index.php(67): CodeIgniter\CodeIgniter->run()
 9 SYSTEMPATH\Commands\Server\rewrite.php(47): require_once('D:\\Shared\\simpro\\public\\index.php')
WARNING - 2024-08-10 11:42:00 --> [DEPRECATED] Creation of dynamic property App\Controllers\file\item\Bahan::$roleModel is deprecated in APPPATH\Controllers\BaseController.php on line 82.
 1 SYSTEMPATH\CodeIgniter.php(907): App\Controllers\BaseController->initController(Object(CodeIgniter\HTTP\IncomingRequest), Object(CodeIgniter\HTTP\Response), Object(CodeIgniter\Log\Logger))
 2 SYSTEMPATH\CodeIgniter.php(490): CodeIgniter\CodeIgniter->createController()
 3 SYSTEMPATH\CodeIgniter.php(368): CodeIgniter\CodeIgniter->handleRequest(null, Object(Config\Cache), false)
 4 FCPATH\index.php(67): CodeIgniter\CodeIgniter->run()
 5 SYSTEMPATH\Commands\Server\rewrite.php(47): require_once('D:\\Shared\\simpro\\public\\index.php')
WARNING - 2024-08-10 11:42:00 --> [DEPRECATED] Creation of dynamic property App\Controllers\file\item\Bahan::$anu is deprecated in APPPATH\Controllers\BaseController.php on line 88.
 1 SYSTEMPATH\CodeIgniter.php(907): App\Controllers\BaseController->initController(Object(CodeIgniter\HTTP\IncomingRequest), Object(CodeIgniter\HTTP\Response), Object(CodeIgniter\Log\Logger))
 2 SYSTEMPATH\CodeIgniter.php(490): CodeIgniter\CodeIgniter->createController()
 3 SYSTEMPATH\CodeIgniter.php(368): CodeIgniter\CodeIgniter->handleRequest(null, Object(Config\Cache), false)
 4 FCPATH\index.php(67): CodeIgniter\CodeIgniter->run()
 5 SYSTEMPATH\Commands\Server\rewrite.php(47): require_once('D:\\Shared\\simpro\\public\\index.php')
INFO - 2024-08-10 11:42:00 --> Session: Class initialized using 'CodeIgniter\Session\Handlers\FileHandler' driver.
WARNING - 2024-08-10 11:42:00 --> [DEPRECATED] Optional parameter $pilih declared before required parameter $divisi is implicitly treated as a required parameter in APPPATH\Models\extra\DeklarModel.php on line 522.
 1 SYSTEMPATH\Autoloader\Autoloader.php(312): include_once('D:\\Shared\\simpro\\system\\Debug\\Exceptions.php')
 2 SYSTEMPATH\Autoloader\Autoloader.php(289): CodeIgniter\Autoloader\Autoloader->includeFile('D:\\Shared\\simpro\\app\\Models\\extra\\DeklarModel.php')
 3 SYSTEMPATH\Autoloader\Autoloader.php(267): CodeIgniter\Autoloader\Autoloader->loadInNamespace('App\\Models\\extra\\DeklarModel')
 4 APPPATH\Controllers\BaseController.php(79): CodeIgniter\Autoloader\Autoloader->loadClass('App\\Models\\extra\\DeklarModel')
 5 SYSTEMPATH\CodeIgniter.php(907): App\Controllers\BaseController->initController(Object(CodeIgniter\HTTP\IncomingRequest), Object(CodeIgniter\HTTP\Response), Object(CodeIgniter\Log\Logger))
 6 SYSTEMPATH\CodeIgniter.php(490): CodeIgniter\CodeIgniter->createController()
 7 SYSTEMPATH\CodeIgniter.php(368): CodeIgniter\CodeIgniter->handleRequest(null, Object(Config\Cache), false)
 8 FCPATH\index.php(67): CodeIgniter\CodeIgniter->run()
 9 SYSTEMPATH\Commands\Server\rewrite.php(47): require_once('D:\\Shared\\simpro\\public\\index.php')
WARNING - 2024-08-10 11:42:00 --> [DEPRECATED] Creation of dynamic property App\Controllers\file\item\Bahan::$roleModel is deprecated in APPPATH\Controllers\BaseController.php on line 82.
 1 SYSTEMPATH\CodeIgniter.php(907): App\Controllers\BaseController->initController(Object(CodeIgniter\HTTP\IncomingRequest), Object(CodeIgniter\HTTP\Response), Object(CodeIgniter\Log\Logger))
 2 SYSTEMPATH\CodeIgniter.php(490): CodeIgniter\CodeIgniter->createController()
 3 SYSTEMPATH\CodeIgniter.php(368): CodeIgniter\CodeIgniter->handleRequest(null, Object(Config\Cache), false)
 4 FCPATH\index.php(67): CodeIgniter\CodeIgniter->run()
 5 SYSTEMPATH\Commands\Server\rewrite.php(47): require_once('D:\\Shared\\simpro\\public\\index.php')
WARNING - 2024-08-10 11:42:00 --> [DEPRECATED] Creation of dynamic property App\Controllers\file\item\Bahan::$anu is deprecated in APPPATH\Controllers\BaseController.php on line 88.
 1 SYSTEMPATH\CodeIgniter.php(907): App\Controllers\BaseController->initController(Object(CodeIgniter\HTTP\IncomingRequest), Object(CodeIgniter\HTTP\Response), Object(CodeIgniter\Log\Logger))
 2 SYSTEMPATH\CodeIgniter.php(490): CodeIgniter\CodeIgniter->createController()
 3 SYSTEMPATH\CodeIgniter.php(368): CodeIgniter\CodeIgniter->handleRequest(null, Object(Config\Cache), false)
 4 FCPATH\index.php(67): CodeIgniter\CodeIgniter->run()
 5 SYSTEMPATH\Commands\Server\rewrite.php(47): require_once('D:\\Shared\\simpro\\public\\index.php')
INFO - 2024-08-10 11:42:05 --> Session: Class initialized using 'CodeIgniter\Session\Handlers\FileHandler' driver.
WARNING - 2024-08-10 11:42:05 --> [DEPRECATED] Optional parameter $pilih declared before required parameter $divisi is implicitly treated as a required parameter in APPPATH\Models\extra\DeklarModel.php on line 522.
 1 SYSTEMPATH\Autoloader\Autoloader.php(312): include_once('D:\\Shared\\simpro\\system\\Debug\\Exceptions.php')
 2 SYSTEMPATH\Autoloader\Autoloader.php(289): CodeIgniter\Autoloader\Autoloader->includeFile('D:\\Shared\\simpro\\app\\Models\\extra\\DeklarModel.php')
 3 SYSTEMPATH\Autoloader\Autoloader.php(267): CodeIgniter\Autoloader\Autoloader->loadInNamespace('App\\Models\\extra\\DeklarModel')
 4 APPPATH\Controllers\BaseController.php(79): CodeIgniter\Autoloader\Autoloader->loadClass('App\\Models\\extra\\DeklarModel')
 5 SYSTEMPATH\CodeIgniter.php(907): App\Controllers\BaseController->initController(Object(CodeIgniter\HTTP\IncomingRequest), Object(CodeIgniter\HTTP\Response), Object(CodeIgniter\Log\Logger))
 6 SYSTEMPATH\CodeIgniter.php(490): CodeIgniter\CodeIgniter->createController()
 7 SYSTEMPATH\CodeIgniter.php(368): CodeIgniter\CodeIgniter->handleRequest(null, Object(Config\Cache), false)
 8 FCPATH\index.php(67): CodeIgniter\CodeIgniter->run()
 9 SYSTEMPATH\Commands\Server\rewrite.php(47): require_once('D:\\Shared\\simpro\\public\\index.php')
WARNING - 2024-08-10 11:42:05 --> [DEPRECATED] Creation of dynamic property App\Controllers\file\item\Bekas::$roleModel is deprecated in APPPATH\Controllers\BaseController.php on line 82.
 1 SYSTEMPATH\CodeIgniter.php(907): App\Controllers\BaseController->initController(Object(CodeIgniter\HTTP\IncomingRequest), Object(CodeIgniter\HTTP\Response), Object(CodeIgniter\Log\Logger))
 2 SYSTEMPATH\CodeIgniter.php(490): CodeIgniter\CodeIgniter->createController()
 3 SYSTEMPATH\CodeIgniter.php(368): CodeIgniter\CodeIgniter->handleRequest(null, Object(Config\Cache), false)
 4 FCPATH\index.php(67): CodeIgniter\CodeIgniter->run()
 5 SYSTEMPATH\Commands\Server\rewrite.php(47): require_once('D:\\Shared\\simpro\\public\\index.php')
WARNING - 2024-08-10 11:42:05 --> [DEPRECATED] Creation of dynamic property App\Controllers\file\item\Bekas::$anu is deprecated in APPPATH\Controllers\BaseController.php on line 88.
 1 SYSTEMPATH\CodeIgniter.php(907): App\Controllers\BaseController->initController(Object(CodeIgniter\HTTP\IncomingRequest), Object(CodeIgniter\HTTP\Response), Object(CodeIgniter\Log\Logger))
 2 SYSTEMPATH\CodeIgniter.php(490): CodeIgniter\CodeIgniter->createController()
 3 SYSTEMPATH\CodeIgniter.php(368): CodeIgniter\CodeIgniter->handleRequest(null, Object(Config\Cache), false)
 4 FCPATH\index.php(67): CodeIgniter\CodeIgniter->run()
 5 SYSTEMPATH\Commands\Server\rewrite.php(47): require_once('D:\\Shared\\simpro\\public\\index.php')
INFO - 2024-08-10 11:42:06 --> Session: Class initialized using 'CodeIgniter\Session\Handlers\FileHandler' driver.
WARNING - 2024-08-10 11:42:06 --> [DEPRECATED] Optional parameter $pilih declared before required parameter $divisi is implicitly treated as a required parameter in APPPATH\Models\extra\DeklarModel.php on line 522.
 1 SYSTEMPATH\Autoloader\Autoloader.php(312): include_once('D:\\Shared\\simpro\\system\\Debug\\Exceptions.php')
 2 SYSTEMPATH\Autoloader\Autoloader.php(289): CodeIgniter\Autoloader\Autoloader->includeFile('D:\\Shared\\simpro\\app\\Models\\extra\\DeklarModel.php')
 3 SYSTEMPATH\Autoloader\Autoloader.php(267): CodeIgniter\Autoloader\Autoloader->loadInNamespace('App\\Models\\extra\\DeklarModel')
 4 APPPATH\Controllers\BaseController.php(79): CodeIgniter\Autoloader\Autoloader->loadClass('App\\Models\\extra\\DeklarModel')
 5 SYSTEMPATH\CodeIgniter.php(907): App\Controllers\BaseController->initController(Object(CodeIgniter\HTTP\IncomingRequest), Object(CodeIgniter\HTTP\Response), Object(CodeIgniter\Log\Logger))
 6 SYSTEMPATH\CodeIgniter.php(490): CodeIgniter\CodeIgniter->createController()
 7 SYSTEMPATH\CodeIgniter.php(368): CodeIgniter\CodeIgniter->handleRequest(null, Object(Config\Cache), false)
 8 FCPATH\index.php(67): CodeIgniter\CodeIgniter->run()
 9 SYSTEMPATH\Commands\Server\rewrite.php(47): require_once('D:\\Shared\\simpro\\public\\index.php')
WARNING - 2024-08-10 11:42:06 --> [DEPRECATED] Creation of dynamic property App\Controllers\extra\Loadfile::$roleModel is deprecated in APPPATH\Controllers\BaseController.php on line 82.
 1 SYSTEMPATH\CodeIgniter.php(907): App\Controllers\BaseController->initController(Object(CodeIgniter\HTTP\IncomingRequest), Object(CodeIgniter\HTTP\Response), Object(CodeIgniter\Log\Logger))
 2 SYSTEMPATH\CodeIgniter.php(490): CodeIgniter\CodeIgniter->createController()
 3 SYSTEMPATH\CodeIgniter.php(368): CodeIgniter\CodeIgniter->handleRequest(null, Object(Config\Cache), false)
 4 FCPATH\index.php(67): CodeIgniter\CodeIgniter->run()
 5 SYSTEMPATH\Commands\Server\rewrite.php(47): require_once('D:\\Shared\\simpro\\public\\index.php')
WARNING - 2024-08-10 11:42:06 --> [DEPRECATED] Creation of dynamic property App\Controllers\extra\Loadfile::$anu is deprecated in APPPATH\Controllers\BaseController.php on line 88.
 1 SYSTEMPATH\CodeIgniter.php(907): App\Controllers\BaseController->initController(Object(CodeIgniter\HTTP\IncomingRequest), Object(CodeIgniter\HTTP\Response), Object(CodeIgniter\Log\Logger))
 2 SYSTEMPATH\CodeIgniter.php(490): CodeIgniter\CodeIgniter->createController()
 3 SYSTEMPATH\CodeIgniter.php(368): CodeIgniter\CodeIgniter->handleRequest(null, Object(Config\Cache), false)
 4 FCPATH\index.php(67): CodeIgniter\CodeIgniter->run()
 5 SYSTEMPATH\Commands\Server\rewrite.php(47): require_once('D:\\Shared\\simpro\\public\\index.php')
INFO - 2024-08-10 11:42:11 --> Session: Class initialized using 'CodeIgniter\Session\Handlers\FileHandler' driver.
WARNING - 2024-08-10 11:42:11 --> [DEPRECATED] Optional parameter $pilih declared before required parameter $divisi is implicitly treated as a required parameter in APPPATH\Models\extra\DeklarModel.php on line 522.
 1 SYSTEMPATH\Autoloader\Autoloader.php(312): include_once('D:\\Shared\\simpro\\system\\Debug\\Exceptions.php')
 2 SYSTEMPATH\Autoloader\Autoloader.php(289): CodeIgniter\Autoloader\Autoloader->includeFile('D:\\Shared\\simpro\\app\\Models\\extra\\DeklarModel.php')
 3 SYSTEMPATH\Autoloader\Autoloader.php(267): CodeIgniter\Autoloader\Autoloader->loadInNamespace('App\\Models\\extra\\DeklarModel')
 4 APPPATH\Controllers\BaseController.php(79): CodeIgniter\Autoloader\Autoloader->loadClass('App\\Models\\extra\\DeklarModel')
 5 SYSTEMPATH\CodeIgniter.php(907): App\Controllers\BaseController->initController(Object(CodeIgniter\HTTP\IncomingRequest), Object(CodeIgniter\HTTP\Response), Object(CodeIgniter\Log\Logger))
 6 SYSTEMPATH\CodeIgniter.php(490): CodeIgniter\CodeIgniter->createController()
 7 SYSTEMPATH\CodeIgniter.php(368): CodeIgniter\CodeIgniter->handleRequest(null, Object(Config\Cache), false)
 8 FCPATH\index.php(67): CodeIgniter\CodeIgniter->run()
 9 SYSTEMPATH\Commands\Server\rewrite.php(47): require_once('D:\\Shared\\simpro\\public\\index.php')
WARNING - 2024-08-10 11:42:11 --> [DEPRECATED] Creation of dynamic property App\Controllers\file\item\Bekas::$roleModel is deprecated in APPPATH\Controllers\BaseController.php on line 82.
 1 SYSTEMPATH\CodeIgniter.php(907): App\Controllers\BaseController->initController(Object(CodeIgniter\HTTP\IncomingRequest), Object(CodeIgniter\HTTP\Response), Object(CodeIgniter\Log\Logger))
 2 SYSTEMPATH\CodeIgniter.php(490): CodeIgniter\CodeIgniter->createController()
 3 SYSTEMPATH\CodeIgniter.php(368): CodeIgniter\CodeIgniter->handleRequest(null, Object(Config\Cache), false)
 4 FCPATH\index.php(67): CodeIgniter\CodeIgniter->run()
 5 SYSTEMPATH\Commands\Server\rewrite.php(47): require_once('D:\\Shared\\simpro\\public\\index.php')
WARNING - 2024-08-10 11:42:11 --> [DEPRECATED] Creation of dynamic property App\Controllers\file\item\Bekas::$anu is deprecated in APPPATH\Controllers\BaseController.php on line 88.
 1 SYSTEMPATH\CodeIgniter.php(907): App\Controllers\BaseController->initController(Object(CodeIgniter\HTTP\IncomingRequest), Object(CodeIgniter\HTTP\Response), Object(CodeIgniter\Log\Logger))
 2 SYSTEMPATH\CodeIgniter.php(490): CodeIgniter\CodeIgniter->createController()
 3 SYSTEMPATH\CodeIgniter.php(368): CodeIgniter\CodeIgniter->handleRequest(null, Object(Config\Cache), false)
 4 FCPATH\index.php(67): CodeIgniter\CodeIgniter->run()
 5 SYSTEMPATH\Commands\Server\rewrite.php(47): require_once('D:\\Shared\\simpro\\public\\index.php')
INFO - 2024-08-10 11:42:11 --> Session: Class initialized using 'CodeIgniter\Session\Handlers\FileHandler' driver.
WARNING - 2024-08-10 11:42:11 --> [DEPRECATED] Optional parameter $pilih declared before required parameter $divisi is implicitly treated as a required parameter in APPPATH\Models\extra\DeklarModel.php on line 522.
 1 SYSTEMPATH\Autoloader\Autoloader.php(312): include_once('D:\\Shared\\simpro\\system\\Debug\\Exceptions.php')
 2 SYSTEMPATH\Autoloader\Autoloader.php(289): CodeIgniter\Autoloader\Autoloader->includeFile('D:\\Shared\\simpro\\app\\Models\\extra\\DeklarModel.php')
 3 SYSTEMPATH\Autoloader\Autoloader.php(267): CodeIgniter\Autoloader\Autoloader->loadInNamespace('App\\Models\\extra\\DeklarModel')
 4 APPPATH\Controllers\BaseController.php(79): CodeIgniter\Autoloader\Autoloader->loadClass('App\\Models\\extra\\DeklarModel')
 5 SYSTEMPATH\CodeIgniter.php(907): App\Controllers\BaseController->initController(Object(CodeIgniter\HTTP\IncomingRequest), Object(CodeIgniter\HTTP\Response), Object(CodeIgniter\Log\Logger))
 6 SYSTEMPATH\CodeIgniter.php(490): CodeIgniter\CodeIgniter->createController()
 7 SYSTEMPATH\CodeIgniter.php(368): CodeIgniter\CodeIgniter->handleRequest(null, Object(Config\Cache), false)
 8 FCPATH\index.php(67): CodeIgniter\CodeIgniter->run()
 9 SYSTEMPATH\Commands\Server\rewrite.php(47): require_once('D:\\Shared\\simpro\\public\\index.php')
WARNING - 2024-08-10 11:42:11 --> [DEPRECATED] Creation of dynamic property App\Controllers\file\item\Bekas::$roleModel is deprecated in APPPATH\Controllers\BaseController.php on line 82.
 1 SYSTEMPATH\CodeIgniter.php(907): App\Controllers\BaseController->initController(Object(CodeIgniter\HTTP\IncomingRequest), Object(CodeIgniter\HTTP\Response), Object(CodeIgniter\Log\Logger))
 2 SYSTEMPATH\CodeIgniter.php(490): CodeIgniter\CodeIgniter->createController()
 3 SYSTEMPATH\CodeIgniter.php(368): CodeIgniter\CodeIgniter->handleRequest(null, Object(Config\Cache), false)
 4 FCPATH\index.php(67): CodeIgniter\CodeIgniter->run()
 5 SYSTEMPATH\Commands\Server\rewrite.php(47): require_once('D:\\Shared\\simpro\\public\\index.php')
WARNING - 2024-08-10 11:42:11 --> [DEPRECATED] Creation of dynamic property App\Controllers\file\item\Bekas::$anu is deprecated in APPPATH\Controllers\BaseController.php on line 88.
 1 SYSTEMPATH\CodeIgniter.php(907): App\Controllers\BaseController->initController(Object(CodeIgniter\HTTP\IncomingRequest), Object(CodeIgniter\HTTP\Response), Object(CodeIgniter\Log\Logger))
 2 SYSTEMPATH\CodeIgniter.php(490): CodeIgniter\CodeIgniter->createController()
 3 SYSTEMPATH\CodeIgniter.php(368): CodeIgniter\CodeIgniter->handleRequest(null, Object(Config\Cache), false)
 4 FCPATH\index.php(67): CodeIgniter\CodeIgniter->run()
 5 SYSTEMPATH\Commands\Server\rewrite.php(47): require_once('D:\\Shared\\simpro\\public\\index.php')
INFO - 2024-08-10 11:42:15 --> Session: Class initialized using 'CodeIgniter\Session\Handlers\FileHandler' driver.
WARNING - 2024-08-10 11:42:15 --> [DEPRECATED] Optional parameter $pilih declared before required parameter $divisi is implicitly treated as a required parameter in APPPATH\Models\extra\DeklarModel.php on line 522.
 1 SYSTEMPATH\Autoloader\Autoloader.php(312): include_once('D:\\Shared\\simpro\\system\\Debug\\Exceptions.php')
 2 SYSTEMPATH\Autoloader\Autoloader.php(289): CodeIgniter\Autoloader\Autoloader->includeFile('D:\\Shared\\simpro\\app\\Models\\extra\\DeklarModel.php')
 3 SYSTEMPATH\Autoloader\Autoloader.php(267): CodeIgniter\Autoloader\Autoloader->loadInNamespace('App\\Models\\extra\\DeklarModel')
 4 APPPATH\Controllers\BaseController.php(79): CodeIgniter\Autoloader\Autoloader->loadClass('App\\Models\\extra\\DeklarModel')
 5 SYSTEMPATH\CodeIgniter.php(907): App\Controllers\BaseController->initController(Object(CodeIgniter\HTTP\IncomingRequest), Object(CodeIgniter\HTTP\Response), Object(CodeIgniter\Log\Logger))
 6 SYSTEMPATH\CodeIgniter.php(490): CodeIgniter\CodeIgniter->createController()
 7 SYSTEMPATH\CodeIgniter.php(368): CodeIgniter\CodeIgniter->handleRequest(null, Object(Config\Cache), false)
 8 FCPATH\index.php(67): CodeIgniter\CodeIgniter->run()
 9 SYSTEMPATH\Commands\Server\rewrite.php(47): require_once('D:\\Shared\\simpro\\public\\index.php')
WARNING - 2024-08-10 11:42:15 --> [DEPRECATED] Creation of dynamic property App\Controllers\file\item\Nonstok::$roleModel is deprecated in APPPATH\Controllers\BaseController.php on line 82.
 1 SYSTEMPATH\CodeIgniter.php(907): App\Controllers\BaseController->initController(Object(CodeIgniter\HTTP\IncomingRequest), Object(CodeIgniter\HTTP\Response), Object(CodeIgniter\Log\Logger))
 2 SYSTEMPATH\CodeIgniter.php(490): CodeIgniter\CodeIgniter->createController()
 3 SYSTEMPATH\CodeIgniter.php(368): CodeIgniter\CodeIgniter->handleRequest(null, Object(Config\Cache), false)
 4 FCPATH\index.php(67): CodeIgniter\CodeIgniter->run()
 5 SYSTEMPATH\Commands\Server\rewrite.php(47): require_once('D:\\Shared\\simpro\\public\\index.php')
WARNING - 2024-08-10 11:42:15 --> [DEPRECATED] Creation of dynamic property App\Controllers\file\item\Nonstok::$anu is deprecated in APPPATH\Controllers\BaseController.php on line 88.
 1 SYSTEMPATH\CodeIgniter.php(907): App\Controllers\BaseController->initController(Object(CodeIgniter\HTTP\IncomingRequest), Object(CodeIgniter\HTTP\Response), Object(CodeIgniter\Log\Logger))
 2 SYSTEMPATH\CodeIgniter.php(490): CodeIgniter\CodeIgniter->createController()
 3 SYSTEMPATH\CodeIgniter.php(368): CodeIgniter\CodeIgniter->handleRequest(null, Object(Config\Cache), false)
 4 FCPATH\index.php(67): CodeIgniter\CodeIgniter->run()
 5 SYSTEMPATH\Commands\Server\rewrite.php(47): require_once('D:\\Shared\\simpro\\public\\index.php')
INFO - 2024-08-10 11:42:16 --> Session: Class initialized using 'CodeIgniter\Session\Handlers\FileHandler' driver.
WARNING - 2024-08-10 11:42:16 --> [DEPRECATED] Optional parameter $pilih declared before required parameter $divisi is implicitly treated as a required parameter in APPPATH\Models\extra\DeklarModel.php on line 522.
 1 SYSTEMPATH\Autoloader\Autoloader.php(312): include_once('D:\\Shared\\simpro\\system\\Debug\\Exceptions.php')
 2 SYSTEMPATH\Autoloader\Autoloader.php(289): CodeIgniter\Autoloader\Autoloader->includeFile('D:\\Shared\\simpro\\app\\Models\\extra\\DeklarModel.php')
 3 SYSTEMPATH\Autoloader\Autoloader.php(267): CodeIgniter\Autoloader\Autoloader->loadInNamespace('App\\Models\\extra\\DeklarModel')
 4 APPPATH\Controllers\BaseController.php(79): CodeIgniter\Autoloader\Autoloader->loadClass('App\\Models\\extra\\DeklarModel')
 5 SYSTEMPATH\CodeIgniter.php(907): App\Controllers\BaseController->initController(Object(CodeIgniter\HTTP\IncomingRequest), Object(CodeIgniter\HTTP\Response), Object(CodeIgniter\Log\Logger))
 6 SYSTEMPATH\CodeIgniter.php(490): CodeIgniter\CodeIgniter->createController()
 7 SYSTEMPATH\CodeIgniter.php(368): CodeIgniter\CodeIgniter->handleRequest(null, Object(Config\Cache), false)
 8 FCPATH\index.php(67): CodeIgniter\CodeIgniter->run()
 9 SYSTEMPATH\Commands\Server\rewrite.php(47): require_once('D:\\Shared\\simpro\\public\\index.php')
WARNING - 2024-08-10 11:42:16 --> [DEPRECATED] Creation of dynamic property App\Controllers\extra\Loadfile::$roleModel is deprecated in APPPATH\Controllers\BaseController.php on line 82.
 1 SYSTEMPATH\CodeIgniter.php(907): App\Controllers\BaseController->initController(Object(CodeIgniter\HTTP\IncomingRequest), Object(CodeIgniter\HTTP\Response), Object(CodeIgniter\Log\Logger))
 2 SYSTEMPATH\CodeIgniter.php(490): CodeIgniter\CodeIgniter->createController()
 3 SYSTEMPATH\CodeIgniter.php(368): CodeIgniter\CodeIgniter->handleRequest(null, Object(Config\Cache), false)
 4 FCPATH\index.php(67): CodeIgniter\CodeIgniter->run()
 5 SYSTEMPATH\Commands\Server\rewrite.php(47): require_once('D:\\Shared\\simpro\\public\\index.php')
WARNING - 2024-08-10 11:42:16 --> [DEPRECATED] Creation of dynamic property App\Controllers\extra\Loadfile::$anu is deprecated in APPPATH\Controllers\BaseController.php on line 88.
 1 SYSTEMPATH\CodeIgniter.php(907): App\Controllers\BaseController->initController(Object(CodeIgniter\HTTP\IncomingRequest), Object(CodeIgniter\HTTP\Response), Object(CodeIgniter\Log\Logger))
 2 SYSTEMPATH\CodeIgniter.php(490): CodeIgniter\CodeIgniter->createController()
 3 SYSTEMPATH\CodeIgniter.php(368): CodeIgniter\CodeIgniter->handleRequest(null, Object(Config\Cache), false)
 4 FCPATH\index.php(67): CodeIgniter\CodeIgniter->run()
 5 SYSTEMPATH\Commands\Server\rewrite.php(47): require_once('D:\\Shared\\simpro\\public\\index.php')
INFO - 2024-08-10 11:42:18 --> Session: Class initialized using 'CodeIgniter\Session\Handlers\FileHandler' driver.
WARNING - 2024-08-10 11:42:18 --> [DEPRECATED] Optional parameter $pilih declared before required parameter $divisi is implicitly treated as a required parameter in APPPATH\Models\extra\DeklarModel.php on line 522.
 1 SYSTEMPATH\Autoloader\Autoloader.php(312): include_once('D:\\Shared\\simpro\\system\\Debug\\Exceptions.php')
 2 SYSTEMPATH\Autoloader\Autoloader.php(289): CodeIgniter\Autoloader\Autoloader->includeFile('D:\\Shared\\simpro\\app\\Models\\extra\\DeklarModel.php')
 3 SYSTEMPATH\Autoloader\Autoloader.php(267): CodeIgniter\Autoloader\Autoloader->loadInNamespace('App\\Models\\extra\\DeklarModel')
 4 APPPATH\Controllers\BaseController.php(79): CodeIgniter\Autoloader\Autoloader->loadClass('App\\Models\\extra\\DeklarModel')
 5 SYSTEMPATH\CodeIgniter.php(907): App\Controllers\BaseController->initController(Object(CodeIgniter\HTTP\IncomingRequest), Object(CodeIgniter\HTTP\Response), Object(CodeIgniter\Log\Logger))
 6 SYSTEMPATH\CodeIgniter.php(490): CodeIgniter\CodeIgniter->createController()
 7 SYSTEMPATH\CodeIgniter.php(368): CodeIgniter\CodeIgniter->handleRequest(null, Object(Config\Cache), false)
 8 FCPATH\index.php(67): CodeIgniter\CodeIgniter->run()
 9 SYSTEMPATH\Commands\Server\rewrite.php(47): require_once('D:\\Shared\\simpro\\public\\index.php')
WARNING - 2024-08-10 11:42:18 --> [DEPRECATED] Creation of dynamic property App\Controllers\file\item\Nonstok::$roleModel is deprecated in APPPATH\Controllers\BaseController.php on line 82.
 1 SYSTEMPATH\CodeIgniter.php(907): App\Controllers\BaseController->initController(Object(CodeIgniter\HTTP\IncomingRequest), Object(CodeIgniter\HTTP\Response), Object(CodeIgniter\Log\Logger))
 2 SYSTEMPATH\CodeIgniter.php(490): CodeIgniter\CodeIgniter->createController()
 3 SYSTEMPATH\CodeIgniter.php(368): CodeIgniter\CodeIgniter->handleRequest(null, Object(Config\Cache), false)
 4 FCPATH\index.php(67): CodeIgniter\CodeIgniter->run()
 5 SYSTEMPATH\Commands\Server\rewrite.php(47): require_once('D:\\Shared\\simpro\\public\\index.php')
WARNING - 2024-08-10 11:42:18 --> [DEPRECATED] Creation of dynamic property App\Controllers\file\item\Nonstok::$anu is deprecated in APPPATH\Controllers\BaseController.php on line 88.
 1 SYSTEMPATH\CodeIgniter.php(907): App\Controllers\BaseController->initController(Object(CodeIgniter\HTTP\IncomingRequest), Object(CodeIgniter\HTTP\Response), Object(CodeIgniter\Log\Logger))
 2 SYSTEMPATH\CodeIgniter.php(490): CodeIgniter\CodeIgniter->createController()
 3 SYSTEMPATH\CodeIgniter.php(368): CodeIgniter\CodeIgniter->handleRequest(null, Object(Config\Cache), false)
 4 FCPATH\index.php(67): CodeIgniter\CodeIgniter->run()
 5 SYSTEMPATH\Commands\Server\rewrite.php(47): require_once('D:\\Shared\\simpro\\public\\index.php')
INFO - 2024-08-10 11:42:18 --> Session: Class initialized using 'CodeIgniter\Session\Handlers\FileHandler' driver.
WARNING - 2024-08-10 11:42:18 --> [DEPRECATED] Optional parameter $pilih declared before required parameter $divisi is implicitly treated as a required parameter in APPPATH\Models\extra\DeklarModel.php on line 522.
 1 SYSTEMPATH\Autoloader\Autoloader.php(312): include_once('D:\\Shared\\simpro\\system\\Debug\\Exceptions.php')
 2 SYSTEMPATH\Autoloader\Autoloader.php(289): CodeIgniter\Autoloader\Autoloader->includeFile('D:\\Shared\\simpro\\app\\Models\\extra\\DeklarModel.php')
 3 SYSTEMPATH\Autoloader\Autoloader.php(267): CodeIgniter\Autoloader\Autoloader->loadInNamespace('App\\Models\\extra\\DeklarModel')
 4 APPPATH\Controllers\BaseController.php(79): CodeIgniter\Autoloader\Autoloader->loadClass('App\\Models\\extra\\DeklarModel')
 5 SYSTEMPATH\CodeIgniter.php(907): App\Controllers\BaseController->initController(Object(CodeIgniter\HTTP\IncomingRequest), Object(CodeIgniter\HTTP\Response), Object(CodeIgniter\Log\Logger))
 6 SYSTEMPATH\CodeIgniter.php(490): CodeIgniter\CodeIgniter->createController()
 7 SYSTEMPATH\CodeIgniter.php(368): CodeIgniter\CodeIgniter->handleRequest(null, Object(Config\Cache), false)
 8 FCPATH\index.php(67): CodeIgniter\CodeIgniter->run()
 9 SYSTEMPATH\Commands\Server\rewrite.php(47): require_once('D:\\Shared\\simpro\\public\\index.php')
WARNING - 2024-08-10 11:42:18 --> [DEPRECATED] Creation of dynamic property App\Controllers\file\item\Nonstok::$roleModel is deprecated in APPPATH\Controllers\BaseController.php on line 82.
 1 SYSTEMPATH\CodeIgniter.php(907): App\Controllers\BaseController->initController(Object(CodeIgniter\HTTP\IncomingRequest), Object(CodeIgniter\HTTP\Response), Object(CodeIgniter\Log\Logger))
 2 SYSTEMPATH\CodeIgniter.php(490): CodeIgniter\CodeIgniter->createController()
 3 SYSTEMPATH\CodeIgniter.php(368): CodeIgniter\CodeIgniter->handleRequest(null, Object(Config\Cache), false)
 4 FCPATH\index.php(67): CodeIgniter\CodeIgniter->run()
 5 SYSTEMPATH\Commands\Server\rewrite.php(47): require_once('D:\\Shared\\simpro\\public\\index.php')
WARNING - 2024-08-10 11:42:18 --> [DEPRECATED] Creation of dynamic property App\Controllers\file\item\Nonstok::$anu is deprecated in APPPATH\Controllers\BaseController.php on line 88.
 1 SYSTEMPATH\CodeIgniter.php(907): App\Controllers\BaseController->initController(Object(CodeIgniter\HTTP\IncomingRequest), Object(CodeIgniter\HTTP\Response), Object(CodeIgniter\Log\Logger))
 2 SYSTEMPATH\CodeIgniter.php(490): CodeIgniter\CodeIgniter->createController()
 3 SYSTEMPATH\CodeIgniter.php(368): CodeIgniter\CodeIgniter->handleRequest(null, Object(Config\Cache), false)
 4 FCPATH\index.php(67): CodeIgniter\CodeIgniter->run()
 5 SYSTEMPATH\Commands\Server\rewrite.php(47): require_once('D:\\Shared\\simpro\\public\\index.php')
INFO - 2024-08-10 11:42:22 --> Session: Class initialized using 'CodeIgniter\Session\Handlers\FileHandler' driver.
WARNING - 2024-08-10 11:42:22 --> [DEPRECATED] Optional parameter $pilih declared before required parameter $divisi is implicitly treated as a required parameter in APPPATH\Models\extra\DeklarModel.php on line 522.
 1 SYSTEMPATH\Autoloader\Autoloader.php(312): include_once('D:\\Shared\\simpro\\system\\Debug\\Exceptions.php')
 2 SYSTEMPATH\Autoloader\Autoloader.php(289): CodeIgniter\Autoloader\Autoloader->includeFile('D:\\Shared\\simpro\\app\\Models\\extra\\DeklarModel.php')
 3 SYSTEMPATH\Autoloader\Autoloader.php(267): CodeIgniter\Autoloader\Autoloader->loadInNamespace('App\\Models\\extra\\DeklarModel')
 4 APPPATH\Controllers\BaseController.php(79): CodeIgniter\Autoloader\Autoloader->loadClass('App\\Models\\extra\\DeklarModel')
 5 SYSTEMPATH\CodeIgniter.php(907): App\Controllers\BaseController->initController(Object(CodeIgniter\HTTP\IncomingRequest), Object(CodeIgniter\HTTP\Response), Object(CodeIgniter\Log\Logger))
 6 SYSTEMPATH\CodeIgniter.php(490): CodeIgniter\CodeIgniter->createController()
 7 SYSTEMPATH\CodeIgniter.php(368): CodeIgniter\CodeIgniter->handleRequest(null, Object(Config\Cache), false)
 8 FCPATH\index.php(67): CodeIgniter\CodeIgniter->run()
 9 SYSTEMPATH\Commands\Server\rewrite.php(47): require_once('D:\\Shared\\simpro\\public\\index.php')
WARNING - 2024-08-10 11:42:22 --> [DEPRECATED] Creation of dynamic property App\Controllers\file\item\Noseri::$roleModel is deprecated in APPPATH\Controllers\BaseController.php on line 82.
 1 SYSTEMPATH\CodeIgniter.php(907): App\Controllers\BaseController->initController(Object(CodeIgniter\HTTP\IncomingRequest), Object(CodeIgniter\HTTP\Response), Object(CodeIgniter\Log\Logger))
 2 SYSTEMPATH\CodeIgniter.php(490): CodeIgniter\CodeIgniter->createController()
 3 SYSTEMPATH\CodeIgniter.php(368): CodeIgniter\CodeIgniter->handleRequest(null, Object(Config\Cache), false)
 4 FCPATH\index.php(67): CodeIgniter\CodeIgniter->run()
 5 SYSTEMPATH\Commands\Server\rewrite.php(47): require_once('D:\\Shared\\simpro\\public\\index.php')
WARNING - 2024-08-10 11:42:22 --> [DEPRECATED] Creation of dynamic property App\Controllers\file\item\Noseri::$anu is deprecated in APPPATH\Controllers\BaseController.php on line 88.
 1 SYSTEMPATH\CodeIgniter.php(907): App\Controllers\BaseController->initController(Object(CodeIgniter\HTTP\IncomingRequest), Object(CodeIgniter\HTTP\Response), Object(CodeIgniter\Log\Logger))
 2 SYSTEMPATH\CodeIgniter.php(490): CodeIgniter\CodeIgniter->createController()
 3 SYSTEMPATH\CodeIgniter.php(368): CodeIgniter\CodeIgniter->handleRequest(null, Object(Config\Cache), false)
 4 FCPATH\index.php(67): CodeIgniter\CodeIgniter->run()
 5 SYSTEMPATH\Commands\Server\rewrite.php(47): require_once('D:\\Shared\\simpro\\public\\index.php')
INFO - 2024-08-10 11:42:23 --> Session: Class initialized using 'CodeIgniter\Session\Handlers\FileHandler' driver.
WARNING - 2024-08-10 11:42:23 --> [DEPRECATED] Optional parameter $pilih declared before required parameter $divisi is implicitly treated as a required parameter in APPPATH\Models\extra\DeklarModel.php on line 522.
 1 SYSTEMPATH\Autoloader\Autoloader.php(312): include_once('D:\\Shared\\simpro\\system\\Debug\\Exceptions.php')
 2 SYSTEMPATH\Autoloader\Autoloader.php(289): CodeIgniter\Autoloader\Autoloader->includeFile('D:\\Shared\\simpro\\app\\Models\\extra\\DeklarModel.php')
 3 SYSTEMPATH\Autoloader\Autoloader.php(267): CodeIgniter\Autoloader\Autoloader->loadInNamespace('App\\Models\\extra\\DeklarModel')
 4 APPPATH\Controllers\BaseController.php(79): CodeIgniter\Autoloader\Autoloader->loadClass('App\\Models\\extra\\DeklarModel')
 5 SYSTEMPATH\CodeIgniter.php(907): App\Controllers\BaseController->initController(Object(CodeIgniter\HTTP\IncomingRequest), Object(CodeIgniter\HTTP\Response), Object(CodeIgniter\Log\Logger))
 6 SYSTEMPATH\CodeIgniter.php(490): CodeIgniter\CodeIgniter->createController()
 7 SYSTEMPATH\CodeIgniter.php(368): CodeIgniter\CodeIgniter->handleRequest(null, Object(Config\Cache), false)
 8 FCPATH\index.php(67): CodeIgniter\CodeIgniter->run()
 9 SYSTEMPATH\Commands\Server\rewrite.php(47): require_once('D:\\Shared\\simpro\\public\\index.php')
WARNING - 2024-08-10 11:42:23 --> [DEPRECATED] Creation of dynamic property App\Controllers\file\item\Noseri::$roleModel is deprecated in APPPATH\Controllers\BaseController.php on line 82.
 1 SYSTEMPATH\CodeIgniter.php(907): App\Controllers\BaseController->initController(Object(CodeIgniter\HTTP\IncomingRequest), Object(CodeIgniter\HTTP\Response), Object(CodeIgniter\Log\Logger))
 2 SYSTEMPATH\CodeIgniter.php(490): CodeIgniter\CodeIgniter->createController()
 3 SYSTEMPATH\CodeIgniter.php(368): CodeIgniter\CodeIgniter->handleRequest(null, Object(Config\Cache), false)
 4 FCPATH\index.php(67): CodeIgniter\CodeIgniter->run()
 5 SYSTEMPATH\Commands\Server\rewrite.php(47): require_once('D:\\Shared\\simpro\\public\\index.php')
WARNING - 2024-08-10 11:42:23 --> [DEPRECATED] Creation of dynamic property App\Controllers\file\item\Noseri::$anu is deprecated in APPPATH\Controllers\BaseController.php on line 88.
 1 SYSTEMPATH\CodeIgniter.php(907): App\Controllers\BaseController->initController(Object(CodeIgniter\HTTP\IncomingRequest), Object(CodeIgniter\HTTP\Response), Object(CodeIgniter\Log\Logger))
 2 SYSTEMPATH\CodeIgniter.php(490): CodeIgniter\CodeIgniter->createController()
 3 SYSTEMPATH\CodeIgniter.php(368): CodeIgniter\CodeIgniter->handleRequest(null, Object(Config\Cache), false)
 4 FCPATH\index.php(67): CodeIgniter\CodeIgniter->run()
 5 SYSTEMPATH\Commands\Server\rewrite.php(47): require_once('D:\\Shared\\simpro\\public\\index.php')
INFO - 2024-08-10 11:42:24 --> Session: Class initialized using 'CodeIgniter\Session\Handlers\FileHandler' driver.
WARNING - 2024-08-10 11:42:24 --> [DEPRECATED] Optional parameter $pilih declared before required parameter $divisi is implicitly treated as a required parameter in APPPATH\Models\extra\DeklarModel.php on line 522.
 1 SYSTEMPATH\Autoloader\Autoloader.php(312): include_once('D:\\Shared\\simpro\\system\\Debug\\Exceptions.php')
 2 SYSTEMPATH\Autoloader\Autoloader.php(289): CodeIgniter\Autoloader\Autoloader->includeFile('D:\\Shared\\simpro\\app\\Models\\extra\\DeklarModel.php')
 3 SYSTEMPATH\Autoloader\Autoloader.php(267): CodeIgniter\Autoloader\Autoloader->loadInNamespace('App\\Models\\extra\\DeklarModel')
 4 APPPATH\Controllers\BaseController.php(79): CodeIgniter\Autoloader\Autoloader->loadClass('App\\Models\\extra\\DeklarModel')
 5 SYSTEMPATH\CodeIgniter.php(907): App\Controllers\BaseController->initController(Object(CodeIgniter\HTTP\IncomingRequest), Object(CodeIgniter\HTTP\Response), Object(CodeIgniter\Log\Logger))
 6 SYSTEMPATH\CodeIgniter.php(490): CodeIgniter\CodeIgniter->createController()
 7 SYSTEMPATH\CodeIgniter.php(368): CodeIgniter\CodeIgniter->handleRequest(null, Object(Config\Cache), false)
 8 FCPATH\index.php(67): CodeIgniter\CodeIgniter->run()
 9 SYSTEMPATH\Commands\Server\rewrite.php(47): require_once('D:\\Shared\\simpro\\public\\index.php')
WARNING - 2024-08-10 11:42:24 --> [DEPRECATED] Creation of dynamic property App\Controllers\file\item\Noseri::$roleModel is deprecated in APPPATH\Controllers\BaseController.php on line 82.
 1 SYSTEMPATH\CodeIgniter.php(907): App\Controllers\BaseController->initController(Object(CodeIgniter\HTTP\IncomingRequest), Object(CodeIgniter\HTTP\Response), Object(CodeIgniter\Log\Logger))
 2 SYSTEMPATH\CodeIgniter.php(490): CodeIgniter\CodeIgniter->createController()
 3 SYSTEMPATH\CodeIgniter.php(368): CodeIgniter\CodeIgniter->handleRequest(null, Object(Config\Cache), false)
 4 FCPATH\index.php(67): CodeIgniter\CodeIgniter->run()
 5 SYSTEMPATH\Commands\Server\rewrite.php(47): require_once('D:\\Shared\\simpro\\public\\index.php')
WARNING - 2024-08-10 11:42:24 --> [DEPRECATED] Creation of dynamic property App\Controllers\file\item\Noseri::$anu is deprecated in APPPATH\Controllers\BaseController.php on line 88.
 1 SYSTEMPATH\CodeIgniter.php(907): App\Controllers\BaseController->initController(Object(CodeIgniter\HTTP\IncomingRequest), Object(CodeIgniter\HTTP\Response), Object(CodeIgniter\Log\Logger))
 2 SYSTEMPATH\CodeIgniter.php(490): CodeIgniter\CodeIgniter->createController()
 3 SYSTEMPATH\CodeIgniter.php(368): CodeIgniter\CodeIgniter->handleRequest(null, Object(Config\Cache), false)
 4 FCPATH\index.php(67): CodeIgniter\CodeIgniter->run()
 5 SYSTEMPATH\Commands\Server\rewrite.php(47): require_once('D:\\Shared\\simpro\\public\\index.php')
INFO - 2024-08-10 11:42:24 --> Session: Class initialized using 'CodeIgniter\Session\Handlers\FileHandler' driver.
WARNING - 2024-08-10 11:42:24 --> [DEPRECATED] Optional parameter $pilih declared before required parameter $divisi is implicitly treated as a required parameter in APPPATH\Models\extra\DeklarModel.php on line 522.
 1 SYSTEMPATH\Autoloader\Autoloader.php(312): include_once('D:\\Shared\\simpro\\system\\Debug\\Exceptions.php')
 2 SYSTEMPATH\Autoloader\Autoloader.php(289): CodeIgniter\Autoloader\Autoloader->includeFile('D:\\Shared\\simpro\\app\\Models\\extra\\DeklarModel.php')
 3 SYSTEMPATH\Autoloader\Autoloader.php(267): CodeIgniter\Autoloader\Autoloader->loadInNamespace('App\\Models\\extra\\DeklarModel')
 4 APPPATH\Controllers\BaseController.php(79): CodeIgniter\Autoloader\Autoloader->loadClass('App\\Models\\extra\\DeklarModel')
 5 SYSTEMPATH\CodeIgniter.php(907): App\Controllers\BaseController->initController(Object(CodeIgniter\HTTP\IncomingRequest), Object(CodeIgniter\HTTP\Response), Object(CodeIgniter\Log\Logger))
 6 SYSTEMPATH\CodeIgniter.php(490): CodeIgniter\CodeIgniter->createController()
 7 SYSTEMPATH\CodeIgniter.php(368): CodeIgniter\CodeIgniter->handleRequest(null, Object(Config\Cache), false)
 8 FCPATH\index.php(67): CodeIgniter\CodeIgniter->run()
 9 SYSTEMPATH\Commands\Server\rewrite.php(47): require_once('D:\\Shared\\simpro\\public\\index.php')
WARNING - 2024-08-10 11:42:24 --> [DEPRECATED] Creation of dynamic property App\Controllers\file\item\Noseri::$roleModel is deprecated in APPPATH\Controllers\BaseController.php on line 82.
 1 SYSTEMPATH\CodeIgniter.php(907): App\Controllers\BaseController->initController(Object(CodeIgniter\HTTP\IncomingRequest), Object(CodeIgniter\HTTP\Response), Object(CodeIgniter\Log\Logger))
 2 SYSTEMPATH\CodeIgniter.php(490): CodeIgniter\CodeIgniter->createController()
 3 SYSTEMPATH\CodeIgniter.php(368): CodeIgniter\CodeIgniter->handleRequest(null, Object(Config\Cache), false)
 4 FCPATH\index.php(67): CodeIgniter\CodeIgniter->run()
 5 SYSTEMPATH\Commands\Server\rewrite.php(47): require_once('D:\\Shared\\simpro\\public\\index.php')
WARNING - 2024-08-10 11:42:24 --> [DEPRECATED] Creation of dynamic property App\Controllers\file\item\Noseri::$anu is deprecated in APPPATH\Controllers\BaseController.php on line 88.
 1 SYSTEMPATH\CodeIgniter.php(907): App\Controllers\BaseController->initController(Object(CodeIgniter\HTTP\IncomingRequest), Object(CodeIgniter\HTTP\Response), Object(CodeIgniter\Log\Logger))
 2 SYSTEMPATH\CodeIgniter.php(490): CodeIgniter\CodeIgniter->createController()
 3 SYSTEMPATH\CodeIgniter.php(368): CodeIgniter\CodeIgniter->handleRequest(null, Object(Config\Cache), false)
 4 FCPATH\index.php(67): CodeIgniter\CodeIgniter->run()
 5 SYSTEMPATH\Commands\Server\rewrite.php(47): require_once('D:\\Shared\\simpro\\public\\index.php')
INFO - 2024-08-10 13:58:10 --> Session: Class initialized using 'CodeIgniter\Session\Handlers\FileHandler' driver.
INFO - 2024-08-10 13:58:10 --> Session: Class initialized using 'CodeIgniter\Session\Handlers\FileHandler' driver.
WARNING - 2024-08-10 13:58:10 --> [DEPRECATED] Optional parameter $pilih declared before required parameter $divisi is implicitly treated as a required parameter in APPPATH\Models\extra\DeklarModel.php on line 522.
 1 SYSTEMPATH\Autoloader\Autoloader.php(312): include_once('D:\\Shared\\simpro\\system\\Debug\\Exceptions.php')
 2 SYSTEMPATH\Autoloader\Autoloader.php(289): CodeIgniter\Autoloader\Autoloader->includeFile('D:\\Shared\\simpro\\app\\Models\\extra\\DeklarModel.php')
 3 SYSTEMPATH\Autoloader\Autoloader.php(267): CodeIgniter\Autoloader\Autoloader->loadInNamespace('App\\Models\\extra\\DeklarModel')
 4 APPPATH\Controllers\BaseController.php(79): CodeIgniter\Autoloader\Autoloader->loadClass('App\\Models\\extra\\DeklarModel')
 5 SYSTEMPATH\CodeIgniter.php(907): App\Controllers\BaseController->initController(Object(CodeIgniter\HTTP\IncomingRequest), Object(CodeIgniter\HTTP\Response), Object(CodeIgniter\Log\Logger))
 6 SYSTEMPATH\CodeIgniter.php(490): CodeIgniter\CodeIgniter->createController()
 7 SYSTEMPATH\CodeIgniter.php(368): CodeIgniter\CodeIgniter->handleRequest(null, Object(Config\Cache), false)
 8 FCPATH\index.php(67): CodeIgniter\CodeIgniter->run()
 9 SYSTEMPATH\Commands\Server\rewrite.php(47): require_once('D:\\Shared\\simpro\\public\\index.php')
WARNING - 2024-08-10 13:58:10 --> [DEPRECATED] Creation of dynamic property App\Controllers\Login::$roleModel is deprecated in APPPATH\Controllers\BaseController.php on line 82.
 1 SYSTEMPATH\CodeIgniter.php(907): App\Controllers\BaseController->initController(Object(CodeIgniter\HTTP\IncomingRequest), Object(CodeIgniter\HTTP\Response), Object(CodeIgniter\Log\Logger))
 2 SYSTEMPATH\CodeIgniter.php(490): CodeIgniter\CodeIgniter->createController()
 3 SYSTEMPATH\CodeIgniter.php(368): CodeIgniter\CodeIgniter->handleRequest(null, Object(Config\Cache), false)
 4 FCPATH\index.php(67): CodeIgniter\CodeIgniter->run()
 5 SYSTEMPATH\Commands\Server\rewrite.php(47): require_once('D:\\Shared\\simpro\\public\\index.php')
WARNING - 2024-08-10 13:58:10 --> [DEPRECATED] Creation of dynamic property App\Controllers\Login::$anu is deprecated in APPPATH\Controllers\BaseController.php on line 88.
 1 SYSTEMPATH\CodeIgniter.php(907): App\Controllers\BaseController->initController(Object(CodeIgniter\HTTP\IncomingRequest), Object(CodeIgniter\HTTP\Response), Object(CodeIgniter\Log\Logger))
 2 SYSTEMPATH\CodeIgniter.php(490): CodeIgniter\CodeIgniter->createController()
 3 SYSTEMPATH\CodeIgniter.php(368): CodeIgniter\CodeIgniter->handleRequest(null, Object(Config\Cache), false)
 4 FCPATH\index.php(67): CodeIgniter\CodeIgniter->run()
 5 SYSTEMPATH\Commands\Server\rewrite.php(47): require_once('D:\\Shared\\simpro\\public\\index.php')
